INFO:helpers:Finding Lifts...
DEBUG:helpers:['Split Bench Squat (Difficulty)', 'Wall Facing Squat (Weight)', 'Turkish Get-Up (Difficulty)', 'Pull Up (Progression)', 'Hanging Leg Raise (Difficulty)', 'Hanging Leg Raise (Reps) [10]', 'Turkish Get-Up (Reps) [5]', 'Push Up (Difficulty)', 'Turkish Get-Up (Weight)', 'Horizontal Push Up (Reps) [15]', 'Deadlift (Weight)', 'Hanging Leg Raise (Weight)', 'Dips (Difficulty)', 'Pull Up (Difficulty)', 'Deadlift (Difficulty)', 'Split Bench Squat (Weight)', 'Dips (Weight)', 'Split Bench Squat (Reps) [10]', 'Bodyweight', 'Deadlift (Reps) [10]', 'Squat (Reps) [10]', 'Squat (Difficulty)', 'Isometric Hang Pinchers (Sec)', 'Squat (Weight)', 'Pull Up (Reps) [15]', 'Push Up (Progression)', 'Box Step Up (Weight)', 'Horizontal Push Up (Progression)', 'Horizontal Push Up (Weight)', 'Box Step Up (Difficulty)', 'Dips (Reps) [10]', 'Wall Facing Squat (Reps) [15]', 'Horizontal Push Up (Difficulty)', 'Push Up (Reps) [10]', 'Pull Up (Weight)', 'Wall Facing Squat (Difficulty)', 'Box Step Up (Reps) [10]']
DEBUG:helpers:<lift_name>:Split Bench Squat
DEBUG:helpers:<lift_name>:Wall Facing Squat
DEBUG:helpers:<lift_name>:Turkish Get-Up
DEBUG:helpers:<lift_name>:Pull Up
DEBUG:helpers:<lift_name>:Hanging Leg Raise
DEBUG:helpers:<lift_name>:Hanging Leg Raise
INFO:helpers:<lifts> = [('Hanging Leg Raise', '10')]
DEBUG:helpers:<lift_name>:Turkish Get-Up
INFO:helpers:<lifts> = [('Hanging Leg Raise', '10'), ('Turkish Get-Up', '5')]
DEBUG:helpers:<lift_name>:Push Up
DEBUG:helpers:<lift_name>:Turkish Get-Up
DEBUG:helpers:<lift_name>:Horizontal Push Up
INFO:helpers:<lifts> = [('Hanging Leg Raise', '10'), ('Turkish Get-Up', '5'), ('Horizontal Push Up', '15')]
DEBUG:helpers:<lift_name>:Deadlift
DEBUG:helpers:<lift_name>:Hanging Leg Raise
DEBUG:helpers:<lift_name>:Dips
DEBUG:helpers:<lift_name>:Pull Up
DEBUG:helpers:<lift_name>:Deadlift
DEBUG:helpers:<lift_name>:Split Bench Squat
DEBUG:helpers:<lift_name>:Dips
DEBUG:helpers:<lift_name>:Split Bench Squat
INFO:helpers:<lifts> = [('Hanging Leg Raise', '10'), ('Turkish Get-Up', '5'), ('Horizontal Push Up', '15'), ('Split Bench Squat', '10')]
DEBUG:helpers:<lift_name>:Bodyweight
DEBUG:helpers:<lift_name>:Deadlift
INFO:helpers:<lifts> = [('Hanging Leg Raise', '10'), ('Turkish Get-Up', '5'), ('Horizontal Push Up', '15'), ('Split Bench Squat', '10'), ('Deadlift', '10')]
DEBUG:helpers:<lift_name>:Squat
INFO:helpers:<lifts> = [('Hanging Leg Raise', '10'), ('Turkish Get-Up', '5'), ('Horizontal Push Up', '15'), ('Split Bench Squat', '10'), ('Deadlift', '10'), ('Squat', '10')]
DEBUG:helpers:<lift_name>:Squat
DEBUG:helpers:<lift_name>:Isometric Hang Pinchers
DEBUG:helpers:<lift_name>:Squat
DEBUG:helpers:<lift_name>:Pull Up
INFO:helpers:<lifts> = [('Hanging Leg Raise', '10'), ('Turkish Get-Up', '5'), ('Horizontal Push Up', '15'), ('Split Bench Squat', '10'), ('Deadlift', '10'), ('Squat', '10'), ('Pull Up', '15')]
DEBUG:helpers:<lift_name>:Push Up
DEBUG:helpers:<lift_name>:Box Step Up
DEBUG:helpers:<lift_name>:Horizontal Push Up
DEBUG:helpers:<lift_name>:Horizontal Push Up
DEBUG:helpers:<lift_name>:Box Step Up
DEBUG:helpers:<lift_name>:Dips
INFO:helpers:<lifts> = [('Hanging Leg Raise', '10'), ('Turkish Get-Up', '5'), ('Horizontal Push Up', '15'), ('Split Bench Squat', '10'), ('Deadlift', '10'), ('Squat', '10'), ('Pull Up', '15'), ('Dips', '10')]
DEBUG:helpers:<lift_name>:Wall Facing Squat
INFO:helpers:<lifts> = [('Hanging Leg Raise', '10'), ('Turkish Get-Up', '5'), ('Horizontal Push Up', '15'), ('Split Bench Squat', '10'), ('Deadlift', '10'), ('Squat', '10'), ('Pull Up', '15'), ('Dips', '10'), ('Wall Facing Squat', '15')]
DEBUG:helpers:<lift_name>:Horizontal Push Up
DEBUG:helpers:<lift_name>:Push Up
INFO:helpers:<lifts> = [('Hanging Leg Raise', '10'), ('Turkish Get-Up', '5'), ('Horizontal Push Up', '15'), ('Split Bench Squat', '10'), ('Deadlift', '10'), ('Squat', '10'), ('Pull Up', '15'), ('Dips', '10'), ('Wall Facing Squat', '15'), ('Push Up', '10')]
DEBUG:helpers:<lift_name>:Pull Up
DEBUG:helpers:<lift_name>:Wall Facing Squat
DEBUG:helpers:<lift_name>:Box Step Up
INFO:helpers:<lifts> = [('Hanging Leg Raise', '10'), ('Turkish Get-Up', '5'), ('Horizontal Push Up', '15'), ('Split Bench Squat', '10'), ('Deadlift', '10'), ('Squat', '10'), ('Pull Up', '15'), ('Dips', '10'), ('Wall Facing Squat', '15'), ('Push Up', '10'), ('Box Step Up', '10')]
DEBUG:reformat_records:week: 1
INFO:helpers:[]
INFO:helpers:len(workouts_dict): 0
DEBUG:reformat_records:{'Week in Period': 1, 'Week': 1, 'Period': 'Transition', 'Description': 'Just crack', 'Abs': 0, 'Climbing - Crack': defaultdict(<function <lambda> at 0x1065bd950>, {}), 'Grade': 'B', 'Date': '2-19-2019', 'Notes': 'Was supposed to do the fitness test today but dennis was not ready', 'Duration': 20, 'Type': 'Climbing - Crack'}
DEBUG:reformat_records:week: 1
INFO:helpers:['1.1']
INFO:helpers:len(workouts_dict): 1
DEBUG:helpers:1.1
DEBUG:helpers:<_sre.SRE_Match object; span=(0, 3), match='1.1'>
DEBUG:helpers:('1', '1')
INFO:helpers:<wo_id>: 1.2
DEBUG:reformat_records:{'Week in Period': 1, 'Week': 1, 'Period': 'Transition', 'Description': 1.1, 'Abs': 0, 'Grade': 'B', 'Date': '2-22-2019', 'Notes': '1 circuit GSW beforehand. HRM questionable jumps into zones 3 and 4', 'Aerobic': defaultdict(<function <lambda> at 0x1065bd950>, {'HR Avg': 143, 'Distance': '', 'Speed': 5.2, 'HRZ': 1, 'Aerobic Type': 'Indoor Treadmill', 'Pace': ''}), 'Duration': 33, 'Type': 'Aerobic'}
DEBUG:reformat_records:week: 1
INFO:helpers:['1.2', '1.1']
INFO:helpers:len(workouts_dict): 2
DEBUG:helpers:1.2
DEBUG:helpers:<_sre.SRE_Match object; span=(0, 3), match='1.2'>
DEBUG:helpers:('1', '2')
INFO:helpers:<wo_id>: 1.3
DEBUG:reformat_records:{'Week in Period': 1, 'Week': 1, 'Strength': defaultdict(<function <lambda> at 0x1065bd950>, {'Circuits': 1, 'Lifts': defaultdict(<function <lambda> at 0x1065bd950>, {'Squat': defaultdict(<function <lambda> at 0x1065bd950>, {'Difficulty': '', 'Desired Reps': '10', 'Progression': '', 'Weight': 95, 'Reps': 10}), 'Pull Up': defaultdict(<function <lambda> at 0x1065bd950>, {'Difficulty': '', 'Desired Reps': '15', 'Progression': 'Regular', 'Weight': 0, 'Reps': 17}), 'Push Up': defaultdict(<function <lambda> at 0x1065bd950>, {'Difficulty': '', 'Desired Reps': '10', 'Progression': 'Foot Elevated', 'Weight': 0, 'Reps': 20}), 'Split Bench Squat': defaultdict(<function <lambda> at 0x1065bd950>, {'Difficulty': '', 'Desired Reps': '10', 'Progression': '', 'Weight': 30, 'Reps': 10}), 'Horizontal Push Up': defaultdict(<function <lambda> at 0x1065bd950>, {'Difficulty': '', 'Desired Reps': '15', 'Progression': '', 'Weight': 0, 'Reps': 5}), 'Wall Facing Squat': defaultdict(<function <lambda> at 0x1065bd950>, {'Difficulty': '', 'Desired Reps': '15', 'Progression': '', 'Weight': 0, 'Reps': 5}), 'Turkish Get-Up': defaultdict(<function <lambda> at 0x1065bd950>, {'Difficulty': '', 'Desired Reps': '5', 'Progression': '', 'Weight': 20, 'Reps': 5}), 'Hanging Leg Raise': defaultdict(<function <lambda> at 0x1065bd950>, {'Difficulty': '', 'Desired Reps': '10', 'Progression': '', 'Weight': 0, 'Reps': 5}), 'Box Step Up': defaultdict(<function <lambda> at 0x1065bd950>, {'Difficulty': '', 'Desired Reps': '10', 'Progression': '', 'Weight': 30, 'Reps': 10}), 'Dips': defaultdict(<function <lambda> at 0x1065bd950>, {'Difficulty': '', 'Desired Reps': '10', 'Progression': '', 'Weight': 0, 'Reps': 15})})}), 'Description': 1.1, 'Abs': 0, 'Grade': 'B', 'Period': 'Transition', 'Date': '2-22-2019', 'Notes': '', 'Duration': 60, 'Type': 'Strength'}
DEBUG:reformat_records:week: 1
INFO:helpers:['1.3', '1.2', '1.1']
INFO:helpers:len(workouts_dict): 3
DEBUG:helpers:1.3
DEBUG:helpers:<_sre.SRE_Match object; span=(0, 3), match='1.3'>
DEBUG:helpers:('1', '3')
INFO:helpers:<wo_id>: 1.4
DEBUG:reformat_records:{'Week in Period': 1, 'Week': 1, 'Period': 'Transition', 'Description': 'Mt diablo wanna get away', 'Abs': 0, 'Climbing': defaultdict(<function <lambda> at 0x1065bd950>, {'Difficulty': '', 'Type': '', 'Pitches 2 Grades Below RP': 6, 'Pitches': 8, 'Location': 'Outdoor'}), 'Grade': 'A', 'Date': '2-23-2019', 'Notes': 'laps on 10b slab, lead 11b slab/lieback 1 take', 'Duration': 120, 'Type': 'Climbing'}
DEBUG:reformat_records:week: 1
INFO:helpers:['1.4', '1.3', '1.2', '1.1']
INFO:helpers:len(workouts_dict): 4
DEBUG:helpers:1.4
DEBUG:helpers:<_sre.SRE_Match object; span=(0, 3), match='1.4'>
DEBUG:helpers:('1', '4')
INFO:helpers:<wo_id>: 1.5
DEBUG:reformat_records:{'Week in Period': 1, 'Week': 1, 'Period': 'Transition', 'Description': 'Wanna genaway approach', 'Abs': 0, 'Grade': 'B', 'Date': '2-23-2019', 'Notes': '', 'Aerobic': defaultdict(<function <lambda> at 0x1065bd950>, {'HR Avg': '', 'Distance': '', 'Speed': '', 'HRZ': 3, 'Aerobic Type': 'Outdoor Run', 'Pace': ''}), 'Duration': 20, 'Type': 'Aerobic'}
DEBUG:reformat_records:week: 1
INFO:helpers:['1.5', '1.4', '1.3', '1.2', '1.1']
INFO:helpers:len(workouts_dict): 5
DEBUG:helpers:1.5
DEBUG:helpers:<_sre.SRE_Match object; span=(0, 3), match='1.5'>
DEBUG:helpers:('1', '5')
INFO:helpers:<wo_id>: 1.6
DEBUG:reformat_records:{'Week in Period': 1, 'Week': 1, 'Strength': defaultdict(<function <lambda> at 0x1065bd950>, {'Circuits': 1, 'Lifts': defaultdict(<function <lambda> at 0x1065bd950>, {'Squat': defaultdict(<function <lambda> at 0x1065bd950>, {'Difficulty': '', 'Desired Reps': '10', 'Progression': '', 'Weight': 95, 'Reps': 10}), 'Pull Up': defaultdict(<function <lambda> at 0x1065bd950>, {'Difficulty': '', 'Desired Reps': '15', 'Progression': 'Lock Off', 'Weight': '', 'Reps': 15}), 'Split Bench Squat': defaultdict(<function <lambda> at 0x1065bd950>, {'Difficulty': '', 'Desired Reps': '10', 'Progression': '', 'Weight': 30, 'Reps': 10}), 'Deadlift': defaultdict(<function <lambda> at 0x1065bd950>, {'Difficulty': '', 'Desired Reps': '10', 'Progression': '', 'Weight': 135, 'Reps': 10}), 'Horizontal Push Up': defaultdict(<function <lambda> at 0x1065bd950>, {'Difficulty': '', 'Desired Reps': '15', 'Progression': 'Legs Elevated', 'Weight': '', 'Reps': 5}), 'Wall Facing Squat': defaultdict(<function <lambda> at 0x1065bd950>, {'Difficulty': '', 'Desired Reps': '15', 'Progression': '', 'Weight': '', 'Reps': 5}), 'Push Up': defaultdict(<function <lambda> at 0x1065bd950>, {'Difficulty': '', 'Desired Reps': '10', 'Progression': 'Foot Elevated', 'Weight': 0, 'Reps': 20}), 'Turkish Get-Up': defaultdict(<function <lambda> at 0x1065bd950>, {'Difficulty': '', 'Desired Reps': '5', 'Progression': '', 'Weight': 22.5, 'Reps': 5}), 'Hanging Leg Raise': defaultdict(<function <lambda> at 0x1065bd950>, {'Difficulty': '', 'Desired Reps': '10', 'Progression': '', 'Weight': '', 'Reps': 10}), 'Box Step Up': defaultdict(<function <lambda> at 0x1065bd950>, {'Difficulty': '', 'Desired Reps': '10', 'Progression': '', 'Weight': 40, 'Reps': 10}), 'Dips': defaultdict(<function <lambda> at 0x1065bd950>, {'Difficulty': '', 'Desired Reps': '10', 'Progression': '', 'Weight': '', 'Reps': 10})})}), 'Description': 1.2, 'Abs': 0, 'Grade': 'B', 'Period': 'Transition', 'Date': '2-23-2019', 'Notes': '', 'Duration': 60, 'Type': 'Strength'}
DEBUG:reformat_records:week: 1
INFO:helpers:['1.6', '1.5', '1.4', '1.3', '1.2', '1.1']
INFO:helpers:len(workouts_dict): 6
DEBUG:helpers:1.6
DEBUG:helpers:<_sre.SRE_Match object; span=(0, 3), match='1.6'>
DEBUG:helpers:('1', '6')
INFO:helpers:<wo_id>: 1.7
DEBUG:reformat_records:{'Week in Period': 1, 'Week': 1, 'Period': 'Transition', 'Description': 'Long z1 run', 'Abs': 0, 'Grade': 'C', 'Date': '2-24-2019', 'Notes': 'Lime ridge open space', 'Aerobic': defaultdict(<function <lambda> at 0x1065bd950>, {'HR Avg': 141, 'Distance': 3.7, 'Speed': '', 'HRZ': 1, 'Aerobic Type': 'Outdoor Run', 'Pace': '10:40'}), 'Duration': 40, 'Type': 'Aerobic'}
DEBUG:reformat_records:week: 1
INFO:helpers:['1.7', '1.6', '1.5', '1.4', '1.3', '1.2', '1.1']
INFO:helpers:len(workouts_dict): 7
DEBUG:helpers:1.7
DEBUG:helpers:<_sre.SRE_Match object; span=(0, 3), match='1.7'>
DEBUG:helpers:('1', '7')
INFO:helpers:<wo_id>: 1.8
DEBUG:reformat_records:{'Week in Period': 1, 'Week': 1, 'Period': 'Transition', 'Description': 'Crack some fingers', 'Abs': 0, 'Climbing - Crack': defaultdict(<function <lambda> at 0x1065bd950>, {}), 'Grade': '', 'Date': '2-24-2019', 'Notes': '', 'Duration': 15, 'Type': 'Climbing - Crack'}
DEBUG:reformat_records:week: 2
INFO:helpers:['1.8', '1.7', '1.6', '1.5', '1.4', '1.3', '1.2', '1.1']
INFO:helpers:len(workouts_dict): 8
DEBUG:helpers:1.8
INFO:helpers:<wo_id>: 2.1
DEBUG:reformat_records:{'Week in Period': 2, 'Week': 2, 'Strength': defaultdict(<function <lambda> at 0x1065bd950>, {'Circuits': 1, 'Lifts': defaultdict(<function <lambda> at 0x1065bd950>, {'Squat': defaultdict(<function <lambda> at 0x1065bd950>, {'Difficulty': '', 'Desired Reps': '10', 'Progression': '', 'Weight': 115, 'Reps': 10}), 'Pull Up': defaultdict(<function <lambda> at 0x1065bd950>, {'Difficulty': '', 'Desired Reps': '15', 'Progression': 'Lock Off', 'Weight': 0, 'Reps': 15}), 'Push Up': defaultdict(<function <lambda> at 0x1065bd950>, {'Difficulty': '', 'Desired Reps': '10', 'Progression': 'Foot Elevated', 'Weight': 0, 'Reps': 20}), 'Split Bench Squat': defaultdict(<function <lambda> at 0x1065bd950>, {'Difficulty': '', 'Desired Reps': '10', 'Progression': '', 'Weight': 40, 'Reps': 10}), 'Turkish Get-Up': defaultdict(<function <lambda> at 0x1065bd950>, {'Difficulty': '', 'Desired Reps': '5', 'Progression': '', 'Weight': 25, 'Reps': 5}), 'Hanging Leg Raise': defaultdict(<function <lambda> at 0x1065bd950>, {'Difficulty': '', 'Desired Reps': '10', 'Progression': '', 'Weight': 0, 'Reps': 10}), 'Box Step Up': defaultdict(<function <lambda> at 0x1065bd950>, {'Difficulty': '', 'Desired Reps': '10', 'Progression': '', 'Weight': 40, 'Reps': 20}), 'Dips': defaultdict(<function <lambda> at 0x1065bd950>, {'Difficulty': '', 'Desired Reps': '10', 'Progression': '', 'Weight': 0, 'Reps': 15})})}), 'Description': 'Strength 2.1', 'Abs': 0, 'Grade': 'B', 'Period': 'Transition', 'Date': '2-26-2019', 'Notes': '', 'Duration': 60, 'Type': 'Strength'}
DEBUG:reformat_records:week: 2
INFO:helpers:['2.1', '1.8', '1.7', '1.6', '1.5', '1.4', '1.3', '1.2', '1.1']
INFO:helpers:len(workouts_dict): 9
DEBUG:helpers:2.1
DEBUG:helpers:<_sre.SRE_Match object; span=(0, 3), match='2.1'>
DEBUG:helpers:('2', '1')
INFO:helpers:<wo_id>: 2.2
DEBUG:reformat_records:{'Week in Period': 2, 'Week': 2, 'Period': 'Transition', 'Description': 'Aerobic 2.1', 'Abs': 0, 'Grade': 'B', 'Date': '2-26-2019', 'Notes': '', 'Aerobic': defaultdict(<function <lambda> at 0x1065bd950>, {'HR Avg': 132, 'Distance': 2.9, 'Speed': 5.7, 'HRZ': 1, 'Aerobic Type': 'Indoor Treadmill', 'Pace': '10:52'}), 'Duration': 33, 'Type': 'Aerobic'}
DEBUG:reformat_records:week: 2
INFO:helpers:['2.2', '2.1', '1.8', '1.7', '1.6', '1.5', '1.4', '1.3', '1.2', '1.1']
INFO:helpers:len(workouts_dict): 10
DEBUG:helpers:2.2
DEBUG:helpers:<_sre.SRE_Match object; span=(0, 3), match='2.2'>
DEBUG:helpers:('2', '2')
INFO:helpers:<wo_id>: 2.3
DEBUG:reformat_records:{'Week in Period': 2, 'Week': 2, 'Period': 'Transition', 'Description': 'Climbing - ARC 2.1', 'Abs': 0, 'Date': '2-26-2019', 'Grade': 'B', 'Type': 'Climbing - ARC', 'Notes': '', 'Duration': 60, 'Climbing - ARC': defaultdict(<function <lambda> at 0x1065bd950>, {})}
DEBUG:reformat_records:week: 2
INFO:helpers:['2.3', '2.2', '2.1', '1.8', '1.7', '1.6', '1.5', '1.4', '1.3', '1.2', '1.1']
INFO:helpers:len(workouts_dict): 11
DEBUG:helpers:2.3
DEBUG:helpers:<_sre.SRE_Match object; span=(0, 3), match='2.3'>
DEBUG:helpers:('2', '3')
INFO:helpers:<wo_id>: 2.4
DEBUG:reformat_records:{'Week in Period': 2, 'Week': 2, 'Period': 'Transition', 'Description': 'Run 2.2', 'Abs': 0, 'Grade': 'B', 'Date': '2-27-2019', 'Notes': 'After 12h at work', 'Aerobic': defaultdict(<function <lambda> at 0x1065bd950>, {'HR Avg': 135, 'Distance': 3.1, 'Speed': 6, 'HRZ': 1, 'Aerobic Type': 'Indoor Treadmill', 'Pace': '10:25'}), 'Duration': 33, 'Type': 'Aerobic'}
DEBUG:reformat_records:week: 2
INFO:helpers:['2.4', '2.3', '2.2', '2.1', '1.8', '1.7', '1.6', '1.5', '1.4', '1.3', '1.2', '1.1']
INFO:helpers:len(workouts_dict): 12
DEBUG:helpers:2.4
DEBUG:helpers:<_sre.SRE_Match object; span=(0, 3), match='2.4'>
DEBUG:helpers:('2', '4')
INFO:helpers:<wo_id>: 2.5
DEBUG:reformat_records:{'Week in Period': 2, 'Week': 2, 'Strength': defaultdict(<function <lambda> at 0x1065bd950>, {'Circuits': 1, 'Lifts': defaultdict(<function <lambda> at 0x1065bd950>, {'Squat': defaultdict(<function <lambda> at 0x1065bd950>, {'Difficulty': '', 'Desired Reps': '10', 'Progression': '', 'Weight': 135, 'Reps': 10}), 'Pull Up': defaultdict(<function <lambda> at 0x1065bd950>, {'Difficulty': '', 'Desired Reps': '15', 'Progression': 'Lock Off', 'Weight': '', 'Reps': 15}), 'Split Bench Squat': defaultdict(<function <lambda> at 0x1065bd950>, {'Difficulty': '', 'Desired Reps': '10', 'Progression': '', 'Weight': 50, 'Reps': 10}), 'Deadlift': defaultdict(<function <lambda> at 0x1065bd950>, {'Difficulty': '', 'Desired Reps': '10', 'Progression': '', 'Weight': 145, 'Reps': '10+'}), 'Turkish Get-Up': defaultdict(<function <lambda> at 0x1065bd950>, {'Difficulty': '', 'Desired Reps': '5', 'Progression': '', 'Weight': 25, 'Reps': 5}), 'Push Up': defaultdict(<function <lambda> at 0x1065bd950>, {'Difficulty': '', 'Desired Reps': '10', 'Progression': 'Foot Elevated', 'Weight': 0, 'Reps': '10+'}), 'Hanging Leg Raise': defaultdict(<function <lambda> at 0x1065bd950>, {'Difficulty': '', 'Desired Reps': '10', 'Progression': '', 'Weight': '', 'Reps': 10}), 'Box Step Up': defaultdict(<function <lambda> at 0x1065bd950>, {'Difficulty': '', 'Desired Reps': '10', 'Progression': '', 'Weight': 60, 'Reps': '10+'}), 'Dips': defaultdict(<function <lambda> at 0x1065bd950>, {'Difficulty': '', 'Desired Reps': '10', 'Progression': '', 'Weight': 8, 'Reps': '10+'})})}), 'Description': 'Strength 2.2', 'Abs': 0, 'Grade': 'B', 'Period': 'Transition', 'Date': '3-2-2019', 'Notes': '', 'Duration': 60, 'Type': 'Strength'}
DEBUG:reformat_records:week: 2
INFO:helpers:['2.5', '2.4', '2.3', '2.2', '2.1', '1.8', '1.7', '1.6', '1.5', '1.4', '1.3', '1.2', '1.1']
INFO:helpers:len(workouts_dict): 13
DEBUG:helpers:2.5
DEBUG:helpers:<_sre.SRE_Match object; span=(0, 3), match='2.5'>
DEBUG:helpers:('2', '5')
INFO:helpers:<wo_id>: 2.6
DEBUG:reformat_records:{'Week in Period': 2, 'Week': 2, 'Period': 'Transition', 'Description': 'Long Run T2', 'Abs': 0, 'Grade': 'B', 'Date': '3-2-2019', 'Notes': '', 'Aerobic': defaultdict(<function <lambda> at 0x1065bd950>, {'HR Avg': 135, 'Distance': 4, 'Speed': 6.2, 'HRZ': 1, 'Aerobic Type': 'Indoor Treadmill', 'Pace': ''}), 'Duration': 40, 'Type': 'Aerobic'}
DEBUG:reformat_records:week: 3
INFO:helpers:['2.6', '2.5', '2.4', '2.3', '2.2', '2.1', '1.8', '1.7', '1.6', '1.5', '1.4', '1.3', '1.2', '1.1']
INFO:helpers:len(workouts_dict): 14
DEBUG:helpers:2.6
INFO:helpers:<wo_id>: 3.1
DEBUG:reformat_records:{'Week in Period': 3, 'Week': 3, 'Strength': defaultdict(<function <lambda> at 0x1065bd950>, {'Circuits': 2, 'Lifts': defaultdict(<function <lambda> at 0x1065bd950>, {'Squat': defaultdict(<function <lambda> at 0x1065bd950>, {'Difficulty': '', 'Desired Reps': '10', 'Progression': '', 'Weight': 135, 'Reps': 10}), 'Pull Up': defaultdict(<function <lambda> at 0x1065bd950>, {'Difficulty': '', 'Desired Reps': '15', 'Progression': 'Lock Off', 'Weight': 0, 'Reps': 15}), 'Push Up': defaultdict(<function <lambda> at 0x1065bd950>, {'Difficulty': '', 'Desired Reps': '10', 'Progression': 'Foot Elevated', 'Weight': 0, 'Reps': 20}), 'Split Bench Squat': defaultdict(<function <lambda> at 0x1065bd950>, {'Difficulty': '', 'Desired Reps': '10', 'Progression': '', 'Weight': 50, 'Reps': 10}), 'Turkish Get-Up': defaultdict(<function <lambda> at 0x1065bd950>, {'Difficulty': '', 'Desired Reps': '5', 'Progression': '', 'Weight': 25, 'Reps': 5}), 'Hanging Leg Raise': defaultdict(<function <lambda> at 0x1065bd950>, {'Difficulty': '', 'Desired Reps': '10', 'Progression': '', 'Weight': 0, 'Reps': 10}), 'Box Step Up': defaultdict(<function <lambda> at 0x1065bd950>, {'Difficulty': '', 'Desired Reps': '10', 'Progression': '', 'Weight': 70, 'Reps': 10}), 'Dips': defaultdict(<function <lambda> at 0x1065bd950>, {'Difficulty': '', 'Desired Reps': '10', 'Progression': '', 'Weight': 0, 'Reps': 10})})}), 'Description': 'Strength 3.1', 'Abs': 0, 'Grade': 'C', 'Period': 'Transition', 'Date': '3-4-2019', 'Notes': 'First time doing two curcuits was hard', 'Duration': 40, 'Type': 'Strength'}
DEBUG:reformat_records:week: 3
INFO:helpers:['3.1', '2.6', '2.5', '2.4', '2.3', '2.2', '2.1', '1.8', '1.7', '1.6', '1.5', '1.4', '1.3', '1.2', '1.1']
INFO:helpers:len(workouts_dict): 15
DEBUG:helpers:3.1
DEBUG:helpers:<_sre.SRE_Match object; span=(0, 3), match='3.1'>
DEBUG:helpers:('3', '1')
INFO:helpers:<wo_id>: 3.2
DEBUG:reformat_records:{'Week in Period': 3, 'Week': 3, 'Period': 'Transition', 'Description': 'Climbing - ARC 3.1', 'Abs': 0, 'Date': '3-5-2019', 'Grade': 'B', 'Type': 'Climbing - ARC', 'Notes': 'Prow + Climbing - ARCh', 'Duration': 60, 'Climbing - ARC': defaultdict(<function <lambda> at 0x1065bd950>, {})}
DEBUG:reformat_records:week: 3
INFO:helpers:['3.2', '3.1', '2.6', '2.5', '2.4', '2.3', '2.2', '2.1', '1.8', '1.7', '1.6', '1.5', '1.4', '1.3', '1.2', '1.1']
INFO:helpers:len(workouts_dict): 16
DEBUG:helpers:3.2
DEBUG:helpers:<_sre.SRE_Match object; span=(0, 3), match='3.2'>
DEBUG:helpers:('3', '2')
INFO:helpers:<wo_id>: 3.3
DEBUG:reformat_records:{'Week in Period': 3, 'Week': 3, 'Period': 'Transition', 'Description': 'Short Z1', 'Abs': 0, 'Grade': 'B', 'Date': '3-7-2019', 'Notes': '', 'Aerobic': defaultdict(<function <lambda> at 0x1065bd950>, {'HR Avg': '', 'Distance': 3.3, 'Speed': 6.3, 'HRZ': 1, 'Aerobic Type': 'Indoor Treadmill', 'Pace': '9:58'}), 'Duration': 33, 'Type': 'Aerobic'}
DEBUG:reformat_records:week: 3
INFO:helpers:['3.3', '3.2', '3.1', '2.6', '2.5', '2.4', '2.3', '2.2', '2.1', '1.8', '1.7', '1.6', '1.5', '1.4', '1.3', '1.2', '1.1']
INFO:helpers:len(workouts_dict): 17
DEBUG:helpers:3.3
DEBUG:helpers:<_sre.SRE_Match object; span=(0, 3), match='3.3'>
DEBUG:helpers:('3', '3')
INFO:helpers:<wo_id>: 3.4
DEBUG:reformat_records:{'Week in Period': 3, 'Week': 3, 'Period': 'Transition', 'Description': 'Climbing - ARC 3.2', 'Abs': 0, 'Date': '3-8-2019', 'Grade': 'B', 'Type': 'Climbing - ARC', 'Notes': '', 'Duration': 50, 'Climbing - ARC': defaultdict(<function <lambda> at 0x1065bd950>, {})}
DEBUG:reformat_records:week: 3
INFO:helpers:['3.4', '3.3', '3.2', '3.1', '2.6', '2.5', '2.4', '2.3', '2.2', '2.1', '1.8', '1.7', '1.6', '1.5', '1.4', '1.3', '1.2', '1.1']
INFO:helpers:len(workouts_dict): 18
DEBUG:helpers:3.4
DEBUG:helpers:<_sre.SRE_Match object; span=(0, 3), match='3.4'>
DEBUG:helpers:('3', '4')
INFO:helpers:<wo_id>: 3.5
DEBUG:reformat_records:{'Week in Period': 3, 'Week': 3, 'Strength': defaultdict(<function <lambda> at 0x1065bd950>, {'Circuits': 2, 'Lifts': defaultdict(<function <lambda> at 0x1065bd950>, {'Squat': defaultdict(<function <lambda> at 0x1065bd950>, {'Difficulty': 'Medium', 'Desired Reps': '10', 'Progression': '', 'Weight': 145, 'Reps': 10}), 'Pull Up': defaultdict(<function <lambda> at 0x1065bd950>, {'Difficulty': 'Medium', 'Desired Reps': '15', 'Progression': 'Lock Off', 'Weight': '', 'Reps': 16}), 'Split Bench Squat': defaultdict(<function <lambda> at 0x1065bd950>, {'Difficulty': 'Medium', 'Desired Reps': '10', 'Progression': '', 'Weight': 60, 'Reps': 10}), 'Deadlift': defaultdict(<function <lambda> at 0x1065bd950>, {'Difficulty': 'Easy', 'Desired Reps': '10', 'Progression': '', 'Weight': 155, 'Reps': 10}), 'Turkish Get-Up': defaultdict(<function <lambda> at 0x1065bd950>, {'Difficulty': '', 'Desired Reps': '5', 'Progression': '', 'Weight': 27.5, 'Reps': 5}), 'Push Up': defaultdict(<function <lambda> at 0x1065bd950>, {'Difficulty': 'Medium', 'Desired Reps': '10', 'Progression': 'Foot Elevated', 'Weight': 0, 'Reps': 20}), 'Hanging Leg Raise': defaultdict(<function <lambda> at 0x1065bd950>, {'Difficulty': 'Medium', 'Desired Reps': '10', 'Progression': '', 'Weight': '', 'Reps': 10}), 'Box Step Up': defaultdict(<function <lambda> at 0x1065bd950>, {'Difficulty': 'Medium', 'Desired Reps': '10', 'Progression': '', 'Weight': 70, 'Reps': 10}), 'Dips': defaultdict(<function <lambda> at 0x1065bd950>, {'Difficulty': 'Medium', 'Desired Reps': '10', 'Progression': '', 'Weight': 8, 'Reps': 10})})}), 'Description': 'Strength 3.2', 'Abs': 0, 'Grade': 'C', 'Period': 'Transition', 'Date': '3-10-2019', 'Notes': '', 'Duration': 56, 'Type': 'Strength'}
DEBUG:reformat_records:week: 3
INFO:helpers:['3.5', '3.4', '3.3', '3.2', '3.1', '2.6', '2.5', '2.4', '2.3', '2.2', '2.1', '1.8', '1.7', '1.6', '1.5', '1.4', '1.3', '1.2', '1.1']
INFO:helpers:len(workouts_dict): 19
DEBUG:helpers:3.5
DEBUG:helpers:<_sre.SRE_Match object; span=(0, 3), match='3.5'>
DEBUG:helpers:('3', '5')
INFO:helpers:<wo_id>: 3.6
DEBUG:reformat_records:{'Week in Period': 3, 'Week': 3, 'Period': 'Transition', 'Description': 'T3 Z2 Run', 'Abs': 0, 'Grade': 'B', 'Date': '3-10-2019', 'Notes': '', 'Aerobic': defaultdict(<function <lambda> at 0x1065bd950>, {'HR Avg': '', 'Distance': 1.7, 'Speed': 8, 'HRZ': 3, 'Aerobic Type': 'Indoor Treadmill', 'Pace': '8:35'}), 'Duration': 15, 'Type': 'Aerobic'}
DEBUG:reformat_records:week: 3
INFO:helpers:['3.6', '3.5', '3.4', '3.3', '3.2', '3.1', '2.6', '2.5', '2.4', '2.3', '2.2', '2.1', '1.8', '1.7', '1.6', '1.5', '1.4', '1.3', '1.2', '1.1']
INFO:helpers:len(workouts_dict): 20
DEBUG:helpers:3.6
DEBUG:helpers:<_sre.SRE_Match object; span=(0, 3), match='3.6'>
DEBUG:helpers:('3', '6')
INFO:helpers:<wo_id>: 3.7
DEBUG:reformat_records:{'Week in Period': 3, 'Week': 3, 'Period': 'Transition', 'Description': 'T3 Z1', 'Abs': 0, 'Grade': 'B', 'Date': '3-10-2019', 'Notes': '', 'Aerobic': defaultdict(<function <lambda> at 0x1065bd950>, {'HR Avg': '', 'Distance': 3.1, 'Speed': 6.2, 'HRZ': 1, 'Aerobic Type': 'Indoor Treadmill', 'Pace': '10:20'}), 'Duration': 33, 'Type': 'Aerobic'}
DEBUG:reformat_records:week: 4
INFO:helpers:['3.7', '3.6', '3.5', '3.4', '3.3', '3.2', '3.1', '2.6', '2.5', '2.4', '2.3', '2.2', '2.1', '1.8', '1.7', '1.6', '1.5', '1.4', '1.3', '1.2', '1.1']
INFO:helpers:len(workouts_dict): 21
DEBUG:helpers:3.7
INFO:helpers:<wo_id>: 4.1
DEBUG:reformat_records:{'Week in Period': 4, 'Week': 4, 'Period': 'Transition', 'Description': 'Climbing - ARC 4.1', 'Abs': 0, 'Date': '3-11-2019', 'Grade': 'C', 'Type': 'Climbing - ARC', 'Notes': '', 'Duration': 60, 'Climbing - ARC': defaultdict(<function <lambda> at 0x1065bd950>, {})}
DEBUG:reformat_records:week: 4
INFO:helpers:['4.1', '3.7', '3.6', '3.5', '3.4', '3.3', '3.2', '3.1', '2.6', '2.5', '2.4', '2.3', '2.2', '2.1', '1.8', '1.7', '1.6', '1.5', '1.4', '1.3', '1.2', '1.1']
INFO:helpers:len(workouts_dict): 22
DEBUG:helpers:4.1
DEBUG:helpers:<_sre.SRE_Match object; span=(0, 3), match='4.1'>
DEBUG:helpers:('4', '1')
INFO:helpers:<wo_id>: 4.2
DEBUG:reformat_records:{'Week in Period': 4, 'Week': 4, 'Strength': defaultdict(<function <lambda> at 0x1065bd950>, {'Circuits': 2, 'Lifts': defaultdict(<function <lambda> at 0x1065bd950>, {'Squat': defaultdict(<function <lambda> at 0x1065bd950>, {'Difficulty': 'Easy', 'Desired Reps': '10', 'Progression': '', 'Weight': 145, 'Reps': 10}), 'Pull Up': defaultdict(<function <lambda> at 0x1065bd950>, {'Difficulty': 'Medium', 'Desired Reps': '15', 'Progression': 'Lock Off', 'Weight': '', 'Reps': '3,2'}), 'Split Bench Squat': defaultdict(<function <lambda> at 0x1065bd950>, {'Difficulty': 'Medium', 'Desired Reps': '10', 'Progression': '', 'Weight': 60, 'Reps': 10}), 'Deadlift': defaultdict(<function <lambda> at 0x1065bd950>, {'Difficulty': 'Easy', 'Desired Reps': '10', 'Progression': '', 'Weight': 170, 'Reps': 10}), 'Turkish Get-Up': defaultdict(<function <lambda> at 0x1065bd950>, {'Difficulty': '', 'Desired Reps': '5', 'Progression': '', 'Weight': 27.5, 'Reps': 5}), 'Push Up': defaultdict(<function <lambda> at 0x1065bd950>, {'Difficulty': 'Medium', 'Desired Reps': '10', 'Progression': 'Foot Elevated', 'Weight': 0, 'Reps': 24}), 'Wall Facing Squat': defaultdict(<function <lambda> at 0x1065bd950>, {'Difficulty': 'Medium', 'Desired Reps': '15', 'Progression': '', 'Weight': '', 'Reps': 5}), 'Hanging Leg Raise': defaultdict(<function <lambda> at 0x1065bd950>, {'Difficulty': 'Easy', 'Desired Reps': '10', 'Progression': '', 'Weight': '', 'Reps': 10}), 'Box Step Up': defaultdict(<function <lambda> at 0x1065bd950>, {'Difficulty': 'Easy', 'Desired Reps': '10', 'Progression': '', 'Weight': 70, 'Reps': 10}), 'Dips': defaultdict(<function <lambda> at 0x1065bd950>, {'Difficulty': 'Hard', 'Desired Reps': '10', 'Progression': '', 'Weight': 8, 'Reps': 10})})}), 'Description': 'Strength 4.1', 'Abs': 0, 'Grade': 'B', 'Period': 'Transition', 'Date': '3-12-2019', 'Notes': '', 'Duration': 52, 'Type': 'Strength'}
DEBUG:reformat_records:week: 4
INFO:helpers:['4.2', '4.1', '3.7', '3.6', '3.5', '3.4', '3.3', '3.2', '3.1', '2.6', '2.5', '2.4', '2.3', '2.2', '2.1', '1.8', '1.7', '1.6', '1.5', '1.4', '1.3', '1.2', '1.1']
INFO:helpers:len(workouts_dict): 23
DEBUG:helpers:4.2
DEBUG:helpers:<_sre.SRE_Match object; span=(0, 3), match='4.2'>
DEBUG:helpers:('4', '2')
INFO:helpers:<wo_id>: 4.3
DEBUG:reformat_records:{'Week in Period': 4, 'Week': 4, 'Period': 'Transition', 'Description': 'Crack', 'Abs': 0, 'Climbing - Crack': defaultdict(<function <lambda> at 0x1065bd950>, {}), 'Grade': 'B', 'Date': '3-12-2019', 'Notes': '', 'Duration': 0, 'Type': 'Climbing - Crack'}
DEBUG:reformat_records:week: 4
INFO:helpers:['4.3', '4.2', '4.1', '3.7', '3.6', '3.5', '3.4', '3.3', '3.2', '3.1', '2.6', '2.5', '2.4', '2.3', '2.2', '2.1', '1.8', '1.7', '1.6', '1.5', '1.4', '1.3', '1.2', '1.1']
INFO:helpers:len(workouts_dict): 24
DEBUG:helpers:4.3
DEBUG:helpers:<_sre.SRE_Match object; span=(0, 3), match='4.3'>
DEBUG:helpers:('4', '3')
INFO:helpers:<wo_id>: 4.4
DEBUG:reformat_records:{'Week in Period': 4, 'Week': 4, 'Period': 'Transition', 'Description': 'Run 4.1', 'Abs': 0, 'Grade': 'D', 'Date': '3-12-2019', 'Notes': 'Left ankle/leg felt weird so stopped', 'Aerobic': defaultdict(<function <lambda> at 0x1065bd950>, {'HR Avg': '', 'Distance': '', 'Speed': 6.6, 'HRZ': 1, 'Aerobic Type': 'Indoor Treadmill', 'Pace': '10:20'}), 'Duration': 22, 'Type': 'Aerobic'}
DEBUG:reformat_records:week: 4
INFO:helpers:['4.4', '4.3', '4.2', '4.1', '3.7', '3.6', '3.5', '3.4', '3.3', '3.2', '3.1', '2.6', '2.5', '2.4', '2.3', '2.2', '2.1', '1.8', '1.7', '1.6', '1.5', '1.4', '1.3', '1.2', '1.1']
INFO:helpers:len(workouts_dict): 25
DEBUG:helpers:4.4
DEBUG:helpers:<_sre.SRE_Match object; span=(0, 3), match='4.4'>
DEBUG:helpers:('4', '4')
INFO:helpers:<wo_id>: 4.5
DEBUG:reformat_records:{'Week in Period': 4, 'Week': 4, 'Period': 'Transition', 'Description': 'Run 4.2', 'Abs': 0, 'Grade': 'B', 'Date': '3-15-2019', 'Notes': '', 'Aerobic': defaultdict(<function <lambda> at 0x1065bd950>, {'HR Avg': '', 'Distance': 2.8, 'Speed': 6.8, 'HRZ': 1, 'Aerobic Type': 'Indoor Treadmill', 'Pace': '9:06'}), 'Duration': 25, 'Type': 'Aerobic'}
DEBUG:reformat_records:week: 4
INFO:helpers:['4.5', '4.4', '4.3', '4.2', '4.1', '3.7', '3.6', '3.5', '3.4', '3.3', '3.2', '3.1', '2.6', '2.5', '2.4', '2.3', '2.2', '2.1', '1.8', '1.7', '1.6', '1.5', '1.4', '1.3', '1.2', '1.1']
INFO:helpers:len(workouts_dict): 26
DEBUG:helpers:4.5
DEBUG:helpers:<_sre.SRE_Match object; span=(0, 3), match='4.5'>
DEBUG:helpers:('4', '5')
INFO:helpers:<wo_id>: 4.6
DEBUG:reformat_records:{'Week in Period': 4, 'Week': 4, 'Period': 'Transition', 'Description': 'Sat climb', 'Abs': 0, 'Date': '3-16-2019', 'Grade': 'B', 'Type': 'Climbing - ARC', 'Notes': "Saturday workout w dennis. 30 min Climbing - ARC, lead laps 11b,11b,11d (10'), 11d, 11d, 30 min Climbing - ARC", 'Duration': 60, 'Climbing - ARC': defaultdict(<function <lambda> at 0x1065bd950>, {})}
DEBUG:reformat_records:week: 5
INFO:helpers:['4.6', '4.5', '4.4', '4.3', '4.2', '4.1', '3.7', '3.6', '3.5', '3.4', '3.3', '3.2', '3.1', '2.6', '2.5', '2.4', '2.3', '2.2', '2.1', '1.8', '1.7', '1.6', '1.5', '1.4', '1.3', '1.2', '1.1']
INFO:helpers:len(workouts_dict): 27
DEBUG:helpers:4.6
INFO:helpers:<wo_id>: 5.1
DEBUG:reformat_records:{'Week in Period': 5, 'Week': 5, 'Period': 'Transition', 'Description': 'Run 5.1', 'Abs': 0, 'Grade': 'B', 'Date': '3-19-2019', 'Notes': 'A bit sore after soccer sunday', 'Aerobic': defaultdict(<function <lambda> at 0x1065bd950>, {'HR Avg': '', 'Distance': 3.1, 'Speed': 6.8, 'HRZ': 1, 'Aerobic Type': 'Indoor Treadmill', 'Pace': '9:25'}), 'Duration': 30, 'Type': 'Aerobic'}
DEBUG:reformat_records:week: 5
INFO:helpers:['5.1', '4.6', '4.5', '4.4', '4.3', '4.2', '4.1', '3.7', '3.6', '3.5', '3.4', '3.3', '3.2', '3.1', '2.6', '2.5', '2.4', '2.3', '2.2', '2.1', '1.8', '1.7', '1.6', '1.5', '1.4', '1.3', '1.2', '1.1']
INFO:helpers:len(workouts_dict): 28
DEBUG:helpers:5.1
DEBUG:helpers:<_sre.SRE_Match object; span=(0, 3), match='5.1'>
DEBUG:helpers:('5', '1')
INFO:helpers:<wo_id>: 5.2
DEBUG:reformat_records:{'Week in Period': 5, 'Week': 5, 'Strength': defaultdict(<function <lambda> at 0x1065bd950>, {'Circuits': 2, 'Lifts': defaultdict(<function <lambda> at 0x1065bd950>, {'Squat': defaultdict(<function <lambda> at 0x1065bd950>, {'Difficulty': 'Easy', 'Desired Reps': '10', 'Progression': '', 'Weight': 155, 'Reps': ''}), 'Pull Up': defaultdict(<function <lambda> at 0x1065bd950>, {'Difficulty': 'Medium', 'Desired Reps': '15', 'Progression': 'Lock Off', 'Weight': '', 'Reps': '3,2.33'}), 'Split Bench Squat': defaultdict(<function <lambda> at 0x1065bd950>, {'Difficulty': 'Medium', 'Desired Reps': '10', 'Progression': '', 'Weight': 70, 'Reps': ''}), 'Deadlift': defaultdict(<function <lambda> at 0x1065bd950>, {'Difficulty': 'Medium', 'Desired Reps': '10', 'Progression': '', 'Weight': 175, 'Reps': 10}), 'Turkish Get-Up': defaultdict(<function <lambda> at 0x1065bd950>, {'Difficulty': '', 'Desired Reps': '5', 'Progression': '', 'Weight': 27.5, 'Reps': ''}), 'Push Up': defaultdict(<function <lambda> at 0x1065bd950>, {'Difficulty': 'Easy', 'Desired Reps': '10', 'Progression': 'Foot Elevated', 'Weight': 0, 'Reps': 20}), 'Hanging Leg Raise': defaultdict(<function <lambda> at 0x1065bd950>, {'Difficulty': 'Medium', 'Desired Reps': '10', 'Progression': '', 'Weight': '', 'Reps': 10}), 'Box Step Up': defaultdict(<function <lambda> at 0x1065bd950>, {'Difficulty': 'Medium', 'Desired Reps': '10', 'Progression': '', 'Weight': 80, 'Reps': ''}), 'Dips': defaultdict(<function <lambda> at 0x1065bd950>, {'Difficulty': 'Easy', 'Desired Reps': '10', 'Progression': '', 'Weight': '', 'Reps': 10})})}), 'Description': 'Stg 5.1', 'Abs': 0, 'Grade': 'C', 'Period': 'Transition', 'Date': '3-19-2019', 'Notes': '2/3 circuits. Left arm cramps', 'Duration': 46, 'Type': 'Strength'}
DEBUG:reformat_records:week: 4
INFO:helpers:['5.2', '5.1', '4.6', '4.5', '4.4', '4.3', '4.2', '4.1', '3.7', '3.6', '3.5', '3.4', '3.3', '3.2', '3.1', '2.6', '2.5', '2.4', '2.3', '2.2', '2.1', '1.8', '1.7', '1.6', '1.5', '1.4', '1.3', '1.2', '1.1']
INFO:helpers:len(workouts_dict): 29
DEBUG:helpers:5.2
DEBUG:helpers:5.1
DEBUG:helpers:4.6
DEBUG:helpers:<_sre.SRE_Match object; span=(0, 3), match='4.6'>
DEBUG:helpers:('4', '6')
INFO:helpers:<wo_id>: 4.7
DEBUG:reformat_records:{'Week in Period': 4, 'Week': 4, 'Strength': defaultdict(<function <lambda> at 0x1065bd950>, {'Circuits': 2, 'Lifts': defaultdict(<function <lambda> at 0x1065bd950>, {'Squat': defaultdict(<function <lambda> at 0x1065bd950>, {'Difficulty': 'Easy', 'Desired Reps': '10', 'Progression': '', 'Weight': 155, 'Reps': ''}), 'Pull Up': defaultdict(<function <lambda> at 0x1065bd950>, {'Difficulty': 'Medium', 'Desired Reps': '15', 'Progression': 'Lock Off', 'Weight': '', 'Reps': '3,2.33'}), 'Split Bench Squat': defaultdict(<function <lambda> at 0x1065bd950>, {'Difficulty': 'Medium', 'Desired Reps': '10', 'Progression': '', 'Weight': 70, 'Reps': ''}), 'Deadlift': defaultdict(<function <lambda> at 0x1065bd950>, {'Difficulty': 'Medium', 'Desired Reps': '10', 'Progression': '', 'Weight': 175, 'Reps': ''}), 'Turkish Get-Up': defaultdict(<function <lambda> at 0x1065bd950>, {'Difficulty': '', 'Desired Reps': '5', 'Progression': '', 'Weight': 27.5, 'Reps': ''}), 'Push Up': defaultdict(<function <lambda> at 0x1065bd950>, {'Difficulty': 'Easy', 'Desired Reps': '10', 'Progression': 'Foot Elevated', 'Weight': 0, 'Reps': 20}), 'Hanging Leg Raise': defaultdict(<function <lambda> at 0x1065bd950>, {'Difficulty': 'Easy', 'Desired Reps': '10', 'Progression': '', 'Weight': 0, 'Reps': ''}), 'Box Step Up': defaultdict(<function <lambda> at 0x1065bd950>, {'Difficulty': 'Medium', 'Desired Reps': '10', 'Progression': '', 'Weight': 80, 'Reps': ''}), 'Dips': defaultdict(<function <lambda> at 0x1065bd950>, {'Difficulty': 'Medium', 'Desired Reps': '10', 'Progression': '', 'Weight': 0, 'Reps': ''})})}), 'Description': 'Stg 4.2', 'Abs': 0, 'Grade': 'D', 'Period': 'Transition', 'Date': '3-16-2019', 'Notes': "Didn't finish workout bc of time constraints", 'Duration': 50, 'Type': 'Strength'}
DEBUG:reformat_records:week: 5
INFO:helpers:['5.2', '5.1', '4.7', '4.6', '4.5', '4.4', '4.3', '4.2', '4.1', '3.7', '3.6', '3.5', '3.4', '3.3', '3.2', '3.1', '2.6', '2.5', '2.4', '2.3', '2.2', '2.1', '1.8', '1.7', '1.6', '1.5', '1.4', '1.3', '1.2', '1.1']
INFO:helpers:len(workouts_dict): 30
DEBUG:helpers:5.2
DEBUG:helpers:<_sre.SRE_Match object; span=(0, 3), match='5.2'>
DEBUG:helpers:('5', '2')
INFO:helpers:<wo_id>: 5.3
DEBUG:reformat_records:{'Week in Period': 5, 'Week': 5, 'Period': 'Transition', 'Description': 'Run at the pit', 'Abs': 0, 'Grade': 'B', 'Date': '3-24-2019', 'Notes': '', 'Aerobic': defaultdict(<function <lambda> at 0x1065bd950>, {'HR Avg': '', 'Distance': '', 'Speed': '', 'HRZ': 2, 'Aerobic Type': 'Outdoor Run', 'Pace': ''}), 'Duration': 30, 'Type': 'Aerobic'}
DEBUG:reformat_records:week: 5
INFO:helpers:['5.3', '5.2', '5.1', '4.7', '4.6', '4.5', '4.4', '4.3', '4.2', '4.1', '3.7', '3.6', '3.5', '3.4', '3.3', '3.2', '3.1', '2.6', '2.5', '2.4', '2.3', '2.2', '2.1', '1.8', '1.7', '1.6', '1.5', '1.4', '1.3', '1.2', '1.1']
INFO:helpers:len(workouts_dict): 31
DEBUG:helpers:5.3
DEBUG:helpers:<_sre.SRE_Match object; span=(0, 3), match='5.3'>
DEBUG:helpers:('5', '3')
INFO:helpers:<wo_id>: 5.4
DEBUG:reformat_records:{'Week in Period': 5, 'Week': 5, 'Period': 'Transition', 'Description': 'Climbing at upper owens gorge', 'Abs': 0, 'Climbing': defaultdict(<function <lambda> at 0x1065bd950>, {'Difficulty': '', 'Type': '', 'Pitches 2 Grades Below RP': '', 'Pitches': 4, 'Location': 'Outdoor'}), 'Grade': 'B', 'Date': '3-22-2019', 'Notes': 'Felt pretty strong, 9+, 10c, 11a (lieback crack, 1 fall), 10a (trad/roof)', 'Duration': 60, 'Type': 'Climbing'}
DEBUG:reformat_records:week: 5
INFO:helpers:['5.4', '5.3', '5.2', '5.1', '4.7', '4.6', '4.5', '4.4', '4.3', '4.2', '4.1', '3.7', '3.6', '3.5', '3.4', '3.3', '3.2', '3.1', '2.6', '2.5', '2.4', '2.3', '2.2', '2.1', '1.8', '1.7', '1.6', '1.5', '1.4', '1.3', '1.2', '1.1']
INFO:helpers:len(workouts_dict): 32
DEBUG:helpers:5.4
DEBUG:helpers:<_sre.SRE_Match object; span=(0, 3), match='5.4'>
DEBUG:helpers:('5', '4')
INFO:helpers:<wo_id>: 5.5
DEBUG:reformat_records:{'Week in Period': 5, 'Week': 5, 'Period': 'Transition', 'Description': "Bouldering at happy's w xtine", 'Abs': 0, 'Climbing': defaultdict(<function <lambda> at 0x1065bd950>, {'Difficulty': '', 'Type': '', 'Pitches 2 Grades Below RP': '', 'Pitches': '', 'Location': 'Outdoor'}), 'Grade': 'B', 'Date': '3-24-2019', 'Notes': 'V2', 'Duration': 15, 'Type': 'Climbing'}
DEBUG:reformat_records:week: 5
INFO:helpers:['5.5', '5.4', '5.3', '5.2', '5.1', '4.7', '4.6', '4.5', '4.4', '4.3', '4.2', '4.1', '3.7', '3.6', '3.5', '3.4', '3.3', '3.2', '3.1', '2.6', '2.5', '2.4', '2.3', '2.2', '2.1', '1.8', '1.7', '1.6', '1.5', '1.4', '1.3', '1.2', '1.1']
INFO:helpers:len(workouts_dict): 33
DEBUG:helpers:5.5
DEBUG:helpers:<_sre.SRE_Match object; span=(0, 3), match='5.5'>
DEBUG:helpers:('5', '5')
INFO:helpers:<wo_id>: 5.6
DEBUG:reformat_records:{'Week in Period': 5, 'Week': 5, 'Period': 'Transition', 'Description': 'Bouldering at the milks', 'Abs': 0, 'Climbing': defaultdict(<function <lambda> at 0x1065bd950>, {'Difficulty': '', 'Type': '', 'Pitches 2 Grades Below RP': '', 'Pitches': '', 'Location': 'Outdoor'}), 'Grade': 'B', 'Date': '3-24-2019', 'Notes': 'V3', 'Duration': 30, 'Type': 'Climbing'}
DEBUG:reformat_records:week: 5
INFO:helpers:['5.6', '5.5', '5.4', '5.3', '5.2', '5.1', '4.7', '4.6', '4.5', '4.4', '4.3', '4.2', '4.1', '3.7', '3.6', '3.5', '3.4', '3.3', '3.2', '3.1', '2.6', '2.5', '2.4', '2.3', '2.2', '2.1', '1.8', '1.7', '1.6', '1.5', '1.4', '1.3', '1.2', '1.1']
INFO:helpers:len(workouts_dict): 34
DEBUG:helpers:5.6
DEBUG:helpers:<_sre.SRE_Match object; span=(0, 3), match='5.6'>
DEBUG:helpers:('5', '6')
INFO:helpers:<wo_id>: 5.7
DEBUG:reformat_records:{'Week in Period': 5, 'Week': 5, 'Strength': defaultdict(<function <lambda> at 0x1065bd950>, {'Circuits': 3, 'Lifts': defaultdict(<function <lambda> at 0x1065bd950>, {'Squat': defaultdict(<function <lambda> at 0x1065bd950>, {'Difficulty': 'Easy', 'Desired Reps': '10', 'Progression': '', 'Weight': 155, 'Reps': ''}), 'Pull Up': defaultdict(<function <lambda> at 0x1065bd950>, {'Difficulty': 'Hard', 'Desired Reps': '15', 'Progression': 'Lock Off', 'Weight': '', 'Reps': '3,2,2'}), 'Split Bench Squat': defaultdict(<function <lambda> at 0x1065bd950>, {'Difficulty': 'Medium', 'Desired Reps': '10', 'Progression': '', 'Weight': 70, 'Reps': ''}), 'Deadlift': defaultdict(<function <lambda> at 0x1065bd950>, {'Difficulty': 'Medium', 'Desired Reps': '10', 'Progression': '', 'Weight': 185, 'Reps': ''}), 'Turkish Get-Up': defaultdict(<function <lambda> at 0x1065bd950>, {'Difficulty': '', 'Desired Reps': '5', 'Progression': '', 'Weight': 27.5, 'Reps': ''}), 'Push Up': defaultdict(<function <lambda> at 0x1065bd950>, {'Difficulty': 'Medium', 'Desired Reps': '10', 'Progression': 'Foot Elevated', 'Weight': 0, 'Reps': 22}), 'Hanging Leg Raise': defaultdict(<function <lambda> at 0x1065bd950>, {'Difficulty': 'Medium', 'Desired Reps': '10', 'Progression': '', 'Weight': '', 'Reps': ''}), 'Box Step Up': defaultdict(<function <lambda> at 0x1065bd950>, {'Difficulty': 'Medium', 'Desired Reps': '10', 'Progression': '', 'Weight': 80, 'Reps': ''}), 'Dips': defaultdict(<function <lambda> at 0x1065bd950>, {'Difficulty': 'Medium', 'Desired Reps': '10', 'Progression': '', 'Weight': '', 'Reps': 15})})}), 'Description': 'Stg 5.2', 'Abs': 0, 'Grade': 'C', 'Period': 'Transition', 'Date': '3-24-2019', 'Notes': "First time doing 3 circuits, might've gone too hard on the first, needed extra rest ", 'Duration': 90, 'Type': 'Strength'}
DEBUG:reformat_records:week: 6
INFO:helpers:['5.7', '5.6', '5.5', '5.4', '5.3', '5.2', '5.1', '4.7', '4.6', '4.5', '4.4', '4.3', '4.2', '4.1', '3.7', '3.6', '3.5', '3.4', '3.3', '3.2', '3.1', '2.6', '2.5', '2.4', '2.3', '2.2', '2.1', '1.8', '1.7', '1.6', '1.5', '1.4', '1.3', '1.2', '1.1']
INFO:helpers:len(workouts_dict): 35
DEBUG:helpers:5.7
INFO:helpers:<wo_id>: 6.1
DEBUG:reformat_records:{'Week in Period': 6, 'Week': 6, 'Period': 'Transition', 'Description': 'Climbing - ARC 6', 'Abs': 0, 'Date': '3-26-2019', 'Grade': 'D', 'Type': 'Climbing - ARC', 'Notes': 'Time constraints', 'Duration': 60, 'Climbing - ARC': defaultdict(<function <lambda> at 0x1065bd950>, {})}
DEBUG:reformat_records:week: 6
INFO:helpers:['6.1', '5.7', '5.6', '5.5', '5.4', '5.3', '5.2', '5.1', '4.7', '4.6', '4.5', '4.4', '4.3', '4.2', '4.1', '3.7', '3.6', '3.5', '3.4', '3.3', '3.2', '3.1', '2.6', '2.5', '2.4', '2.3', '2.2', '2.1', '1.8', '1.7', '1.6', '1.5', '1.4', '1.3', '1.2', '1.1']
INFO:helpers:len(workouts_dict): 36
DEBUG:helpers:6.1
DEBUG:helpers:<_sre.SRE_Match object; span=(0, 3), match='6.1'>
DEBUG:helpers:('6', '1')
INFO:helpers:<wo_id>: 6.2
DEBUG:reformat_records:{'Week in Period': 6, 'Week': 6, 'Strength': defaultdict(<function <lambda> at 0x1065bd950>, {'Circuits': 3, 'Lifts': defaultdict(<function <lambda> at 0x1065bd950>, {'Squat': defaultdict(<function <lambda> at 0x1065bd950>, {'Difficulty': 'Easy', 'Desired Reps': '10', 'Progression': '', 'Weight': 165, 'Reps': ''}), 'Pull Up': defaultdict(<function <lambda> at 0x1065bd950>, {'Difficulty': 'Medium', 'Desired Reps': '15', 'Progression': 'Lock Off', 'Weight': '', 'Reps': '3,2'}), 'Split Bench Squat': defaultdict(<function <lambda> at 0x1065bd950>, {'Difficulty': 'Hard', 'Desired Reps': '10', 'Progression': '', 'Weight': 70, 'Reps': ''}), 'Deadlift': defaultdict(<function <lambda> at 0x1065bd950>, {'Difficulty': 'Easy', 'Desired Reps': '10', 'Progression': '', 'Weight': 185, 'Reps': 10}), 'Turkish Get-Up': defaultdict(<function <lambda> at 0x1065bd950>, {'Difficulty': '', 'Desired Reps': '5', 'Progression': '', 'Weight': 27.5, 'Reps': ''}), 'Push Up': defaultdict(<function <lambda> at 0x1065bd950>, {'Difficulty': 'Medium', 'Desired Reps': '10', 'Progression': 'Foot Elevated', 'Weight': 0, 'Reps': 20}), 'Hanging Leg Raise': defaultdict(<function <lambda> at 0x1065bd950>, {'Difficulty': 'Easy', 'Desired Reps': '10', 'Progression': '', 'Weight': '', 'Reps': 10}), 'Box Step Up': defaultdict(<function <lambda> at 0x1065bd950>, {'Difficulty': 'Easy', 'Desired Reps': '10', 'Progression': '', 'Weight': 80, 'Reps': ''}), 'Dips': defaultdict(<function <lambda> at 0x1065bd950>, {'Difficulty': 'Medium', 'Desired Reps': '10', 'Progression': '', 'Weight': '', 'Reps': 15})})}), 'Description': 'Stg 6.1', 'Abs': 0, 'Grade': 'A', 'Period': 'Transition', 'Date': '3-26-2019', 'Notes': "Felt much better than the last time I tried to do 3 circuits (sunday after Bishop). Lesson learned- don't do strength after a big trip", 'Duration': 90, 'Type': 'Strength'}
DEBUG:reformat_records:week: 6
INFO:helpers:['6.2', '6.1', '5.7', '5.6', '5.5', '5.4', '5.3', '5.2', '5.1', '4.7', '4.6', '4.5', '4.4', '4.3', '4.2', '4.1', '3.7', '3.6', '3.5', '3.4', '3.3', '3.2', '3.1', '2.6', '2.5', '2.4', '2.3', '2.2', '2.1', '1.8', '1.7', '1.6', '1.5', '1.4', '1.3', '1.2', '1.1']
INFO:helpers:len(workouts_dict): 37
DEBUG:helpers:6.2
DEBUG:helpers:<_sre.SRE_Match object; span=(0, 3), match='6.2'>
DEBUG:helpers:('6', '2')
INFO:helpers:<wo_id>: 6.3
DEBUG:reformat_records:{'Week in Period': 6, 'Week': 6, 'Period': 'Transition', 'Description': 'XC Ski Tahoe', 'Abs': 0, 'Grade': 'B', 'Date': '3-29-2019', 'Notes': 'Not really a workout, but exercise w/ mom and bri near Camp Richardson', 'Aerobic': defaultdict(<function <lambda> at 0x1065bd950>, {'HR Avg': '', 'Distance': '', 'Speed': '', 'HRZ': '', 'Aerobic Type': 'XC Ski', 'Pace': ''}), 'Duration': 60, 'Type': 'Aerobic'}
DEBUG:reformat_records:week: 6
INFO:helpers:['6.3', '6.2', '6.1', '5.7', '5.6', '5.5', '5.4', '5.3', '5.2', '5.1', '4.7', '4.6', '4.5', '4.4', '4.3', '4.2', '4.1', '3.7', '3.6', '3.5', '3.4', '3.3', '3.2', '3.1', '2.6', '2.5', '2.4', '2.3', '2.2', '2.1', '1.8', '1.7', '1.6', '1.5', '1.4', '1.3', '1.2', '1.1']
INFO:helpers:len(workouts_dict): 38
DEBUG:helpers:6.3
DEBUG:helpers:<_sre.SRE_Match object; span=(0, 3), match='6.3'>
DEBUG:helpers:('6', '3')
INFO:helpers:<wo_id>: 6.4
DEBUG:reformat_records:{'Week in Period': 7, 'Week': 6, 'Period': 'Transition', 'Description': 'Soccer Game - Finals', 'Abs': 0, 'Grade': 'B', 'Date': '3-31-2019', 'Notes': '', 'Aerobic': defaultdict(<function <lambda> at 0x1065bd950>, {'HR Avg': '', 'Distance': '', 'Speed': '', 'HRZ': 3, 'Aerobic Type': 'Soccer', 'Pace': ''}), 'Duration': 30, 'Type': 'Aerobic'}
DEBUG:reformat_records:week: 7
INFO:helpers:['6.4', '6.3', '6.2', '6.1', '5.7', '5.6', '5.5', '5.4', '5.3', '5.2', '5.1', '4.7', '4.6', '4.5', '4.4', '4.3', '4.2', '4.1', '3.7', '3.6', '3.5', '3.4', '3.3', '3.2', '3.1', '2.6', '2.5', '2.4', '2.3', '2.2', '2.1', '1.8', '1.7', '1.6', '1.5', '1.4', '1.3', '1.2', '1.1']
INFO:helpers:len(workouts_dict): 39
DEBUG:helpers:6.4
INFO:helpers:<wo_id>: 7.1
DEBUG:reformat_records:{'Week in Period': 7, 'Week': 7, 'Period': 'Transition', 'Description': 'Z1 run ', 'Abs': 0, 'Grade': 'B', 'Date': '4-2-2019', 'Notes': 'First run in a while', 'Aerobic': defaultdict(<function <lambda> at 0x1065bd950>, {'HR Avg': '', 'Distance': 2.94, 'Speed': 6.9, 'HRZ': 2, 'Aerobic Type': 'Indoor Treadmill', 'Pace': '8:51'}), 'Duration': 30, 'Type': 'Aerobic'}
DEBUG:reformat_records:week: 7
INFO:helpers:['7.1', '6.4', '6.3', '6.2', '6.1', '5.7', '5.6', '5.5', '5.4', '5.3', '5.2', '5.1', '4.7', '4.6', '4.5', '4.4', '4.3', '4.2', '4.1', '3.7', '3.6', '3.5', '3.4', '3.3', '3.2', '3.1', '2.6', '2.5', '2.4', '2.3', '2.2', '2.1', '1.8', '1.7', '1.6', '1.5', '1.4', '1.3', '1.2', '1.1']
INFO:helpers:len(workouts_dict): 40
DEBUG:helpers:7.1
DEBUG:helpers:<_sre.SRE_Match object; span=(0, 3), match='7.1'>
DEBUG:helpers:('7', '1')
INFO:helpers:<wo_id>: 7.2
DEBUG:reformat_records:{'Week in Period': 7, 'Week': 7, 'Strength': defaultdict(<function <lambda> at 0x1065bd950>, {'Circuits': 3, 'Lifts': defaultdict(<function <lambda> at 0x1065bd950>, {'Squat': defaultdict(<function <lambda> at 0x1065bd950>, {'Difficulty': 'Medium', 'Desired Reps': '10', 'Progression': '', 'Weight': 165, 'Reps': ''}), 'Pull Up': defaultdict(<function <lambda> at 0x1065bd950>, {'Difficulty': 'Medium', 'Desired Reps': '15', 'Progression': 'Lock Off', 'Weight': '', 'Reps': '3,2'}), 'Split Bench Squat': defaultdict(<function <lambda> at 0x1065bd950>, {'Difficulty': 'Medium', 'Desired Reps': '10', 'Progression': '', 'Weight': 70, 'Reps': ''}), 'Deadlift': defaultdict(<function <lambda> at 0x1065bd950>, {'Difficulty': 'Medium', 'Desired Reps': '10', 'Progression': '', 'Weight': 205, 'Reps': ''}), 'Turkish Get-Up': defaultdict(<function <lambda> at 0x1065bd950>, {'Difficulty': '', 'Desired Reps': '5', 'Progression': '', 'Weight': 27.5, 'Reps': ''}), 'Push Up': defaultdict(<function <lambda> at 0x1065bd950>, {'Difficulty': 'Medium', 'Desired Reps': '10', 'Progression': 'Foot Elevated', 'Weight': 0, 'Reps': 24}), 'Hanging Leg Raise': defaultdict(<function <lambda> at 0x1065bd950>, {'Difficulty': 'Medium', 'Desired Reps': '10', 'Progression': '', 'Weight': '', 'Reps': ''}), 'Box Step Up': defaultdict(<function <lambda> at 0x1065bd950>, {'Difficulty': 'Easy', 'Desired Reps': '10', 'Progression': '', 'Weight': 80, 'Reps': ''}), 'Dips': defaultdict(<function <lambda> at 0x1065bd950>, {'Difficulty': 'Medium', 'Desired Reps': '10', 'Progression': '', 'Weight': 0, 'Reps': 15})})}), 'Description': 'Stg 7.1', 'Abs': 0, 'Grade': 'B', 'Period': 'Transition', 'Date': '4-3-2019', 'Notes': '', 'Duration': 90, 'Type': 'Strength'}
DEBUG:reformat_records:week: 7
INFO:helpers:['7.2', '7.1', '6.4', '6.3', '6.2', '6.1', '5.7', '5.6', '5.5', '5.4', '5.3', '5.2', '5.1', '4.7', '4.6', '4.5', '4.4', '4.3', '4.2', '4.1', '3.7', '3.6', '3.5', '3.4', '3.3', '3.2', '3.1', '2.6', '2.5', '2.4', '2.3', '2.2', '2.1', '1.8', '1.7', '1.6', '1.5', '1.4', '1.3', '1.2', '1.1']
INFO:helpers:len(workouts_dict): 41
DEBUG:helpers:7.2
DEBUG:helpers:<_sre.SRE_Match object; span=(0, 3), match='7.2'>
DEBUG:helpers:('7', '2')
INFO:helpers:<wo_id>: 7.3
DEBUG:reformat_records:{'Week in Period': 7, 'Week': 7, 'Period': 'Transition', 'Description': ' GWPC crack', 'Abs': 0, 'Climbing - Crack': defaultdict(<function <lambda> at 0x1065bd950>, {}), 'Grade': 'B', 'Date': '4-4-2019', 'Notes': 'Fell at the end of the crack, where it goes over the lip', 'Duration': 10, 'Type': 'Climbing - Crack'}
DEBUG:reformat_records:week: 7
INFO:helpers:['7.3', '7.2', '7.1', '6.4', '6.3', '6.2', '6.1', '5.7', '5.6', '5.5', '5.4', '5.3', '5.2', '5.1', '4.7', '4.6', '4.5', '4.4', '4.3', '4.2', '4.1', '3.7', '3.6', '3.5', '3.4', '3.3', '3.2', '3.1', '2.6', '2.5', '2.4', '2.3', '2.2', '2.1', '1.8', '1.7', '1.6', '1.5', '1.4', '1.3', '1.2', '1.1']
INFO:helpers:len(workouts_dict): 42
DEBUG:helpers:7.3
DEBUG:helpers:<_sre.SRE_Match object; span=(0, 3), match='7.3'>
DEBUG:helpers:('7', '3')
INFO:helpers:<wo_id>: 7.4
DEBUG:reformat_records:{'Week in Period': 7, 'Week': 7, 'Climbing - Lead': defaultdict(<function <lambda> at 0x1065bd950>, {}), 'Description': 'GWPC w tyler', 'Abs': 0, 'Grade': 'B', 'Period': 'Transition', 'Date': '4-4-2019', 'Notes': 'Pink 11b, green 11c. Felt strong for not having led for 2 weeks', 'Duration': 60, 'Type': 'Climbing - Lead'}
DEBUG:reformat_records:week: 7
INFO:helpers:['7.4', '7.3', '7.2', '7.1', '6.4', '6.3', '6.2', '6.1', '5.7', '5.6', '5.5', '5.4', '5.3', '5.2', '5.1', '4.7', '4.6', '4.5', '4.4', '4.3', '4.2', '4.1', '3.7', '3.6', '3.5', '3.4', '3.3', '3.2', '3.1', '2.6', '2.5', '2.4', '2.3', '2.2', '2.1', '1.8', '1.7', '1.6', '1.5', '1.4', '1.3', '1.2', '1.1']
INFO:helpers:len(workouts_dict): 43
DEBUG:helpers:7.4
DEBUG:helpers:<_sre.SRE_Match object; span=(0, 3), match='7.4'>
DEBUG:helpers:('7', '4')
INFO:helpers:<wo_id>: 7.5
DEBUG:reformat_records:{'Week in Period': 7, 'Week': 7, 'Period': 'Transition', 'Description': 'Z2 run GWPC', 'Abs': 0, 'Grade': 'B', 'Date': '4-4-2019', 'Notes': 'Quick run after climbing, had to take a dump and catch the bart', 'Aerobic': defaultdict(<function <lambda> at 0x1065bd950>, {'HR Avg': '', 'Distance': 2.2, 'Speed': 7.1, 'HRZ': 3, 'Aerobic Type': 'Indoor Treadmill', 'Pace': '8:52'}), 'Duration': 20, 'Type': 'Aerobic'}
DEBUG:reformat_records:week: 7
INFO:helpers:['7.5', '7.4', '7.3', '7.2', '7.1', '6.4', '6.3', '6.2', '6.1', '5.7', '5.6', '5.5', '5.4', '5.3', '5.2', '5.1', '4.7', '4.6', '4.5', '4.4', '4.3', '4.2', '4.1', '3.7', '3.6', '3.5', '3.4', '3.3', '3.2', '3.1', '2.6', '2.5', '2.4', '2.3', '2.2', '2.1', '1.8', '1.7', '1.6', '1.5', '1.4', '1.3', '1.2', '1.1']
INFO:helpers:len(workouts_dict): 44
DEBUG:helpers:7.5
DEBUG:helpers:<_sre.SRE_Match object; span=(0, 3), match='7.5'>
DEBUG:helpers:('7', '5')
INFO:helpers:<wo_id>: 7.6
DEBUG:reformat_records:{'Week in Period': 7, 'Week': 7, 'Period': 'Transition', 'Description': 'Lime ridge short run', 'Abs': 0, 'Grade': 'B', 'Date': '4-6-2019', 'Notes': '', 'Aerobic': defaultdict(<function <lambda> at 0x1065bd950>, {'HR Avg': '', 'Distance': 2.8, 'Speed': '', 'HRZ': 1, 'Aerobic Type': 'Outdoor Run', 'Pace': '8:59'}), 'Duration': 25, 'Type': 'Aerobic'}
DEBUG:reformat_records:defaultdict(<function <lambda> at 0x1065bd950>, {'1.4': {'Week in Period': 1, 'Week': 1, 'Period': 'Transition', 'Description': 'Mt diablo wanna get away', 'Abs': 0, 'Climbing': defaultdict(<function <lambda> at 0x1065bd950>, {'Difficulty': '', 'Type': '', 'Pitches 2 Grades Below RP': 6, 'Pitches': 8, 'Location': 'Outdoor'}), 'Grade': 'A', 'Date': '2-23-2019', 'Notes': 'laps on 10b slab, lead 11b slab/lieback 1 take', 'Duration': 120, 'Type': 'Climbing'}, '7.4': {'Week in Period': 7, 'Week': 7, 'Climbing - Lead': defaultdict(<function <lambda> at 0x1065bd950>, {}), 'Description': 'GWPC w tyler', 'Abs': 0, 'Grade': 'B', 'Period': 'Transition', 'Date': '4-4-2019', 'Notes': 'Pink 11b, green 11c. Felt strong for not having led for 2 weeks', 'Duration': 60, 'Type': 'Climbing - Lead'}, '7.1': {'Week in Period': 7, 'Week': 7, 'Period': 'Transition', 'Description': 'Z1 run ', 'Abs': 0, 'Grade': 'B', 'Date': '4-2-2019', 'Notes': 'First run in a while', 'Aerobic': defaultdict(<function <lambda> at 0x1065bd950>, {'HR Avg': '', 'Distance': 2.94, 'Speed': 6.9, 'HRZ': 2, 'Aerobic Type': 'Indoor Treadmill', 'Pace': '8:51'}), 'Duration': 30, 'Type': 'Aerobic'}, '4.4': {'Week in Period': 4, 'Week': 4, 'Period': 'Transition', 'Description': 'Run 4.1', 'Abs': 0, 'Grade': 'D', 'Date': '3-12-2019', 'Notes': 'Left ankle/leg felt weird so stopped', 'Aerobic': defaultdict(<function <lambda> at 0x1065bd950>, {'HR Avg': '', 'Distance': '', 'Speed': 6.6, 'HRZ': 1, 'Aerobic Type': 'Indoor Treadmill', 'Pace': '10:20'}), 'Duration': 22, 'Type': 'Aerobic'}, '1.3': {'Week in Period': 1, 'Week': 1, 'Strength': defaultdict(<function <lambda> at 0x1065bd950>, {'Circuits': 1, 'Lifts': defaultdict(<function <lambda> at 0x1065bd950>, {'Squat': defaultdict(<function <lambda> at 0x1065bd950>, {'Difficulty': '', 'Desired Reps': '10', 'Progression': '', 'Weight': 95, 'Reps': 10}), 'Pull Up': defaultdict(<function <lambda> at 0x1065bd950>, {'Difficulty': '', 'Desired Reps': '15', 'Progression': 'Regular', 'Weight': 0, 'Reps': 17}), 'Push Up': defaultdict(<function <lambda> at 0x1065bd950>, {'Difficulty': '', 'Desired Reps': '10', 'Progression': 'Foot Elevated', 'Weight': 0, 'Reps': 20}), 'Split Bench Squat': defaultdict(<function <lambda> at 0x1065bd950>, {'Difficulty': '', 'Desired Reps': '10', 'Progression': '', 'Weight': 30, 'Reps': 10}), 'Horizontal Push Up': defaultdict(<function <lambda> at 0x1065bd950>, {'Difficulty': '', 'Desired Reps': '15', 'Progression': '', 'Weight': 0, 'Reps': 5}), 'Wall Facing Squat': defaultdict(<function <lambda> at 0x1065bd950>, {'Difficulty': '', 'Desired Reps': '15', 'Progression': '', 'Weight': 0, 'Reps': 5}), 'Turkish Get-Up': defaultdict(<function <lambda> at 0x1065bd950>, {'Difficulty': '', 'Desired Reps': '5', 'Progression': '', 'Weight': 20, 'Reps': 5}), 'Hanging Leg Raise': defaultdict(<function <lambda> at 0x1065bd950>, {'Difficulty': '', 'Desired Reps': '10', 'Progression': '', 'Weight': 0, 'Reps': 5}), 'Box Step Up': defaultdict(<function <lambda> at 0x1065bd950>, {'Difficulty': '', 'Desired Reps': '10', 'Progression': '', 'Weight': 30, 'Reps': 10}), 'Dips': defaultdict(<function <lambda> at 0x1065bd950>, {'Difficulty': '', 'Desired Reps': '10', 'Progression': '', 'Weight': 0, 'Reps': 15})})}), 'Description': 1.1, 'Abs': 0, 'Grade': 'B', 'Period': 'Transition', 'Date': '2-22-2019', 'Notes': '', 'Duration': 60, 'Type': 'Strength'}, '2.5': {'Week in Period': 2, 'Week': 2, 'Strength': defaultdict(<function <lambda> at 0x1065bd950>, {'Circuits': 1, 'Lifts': defaultdict(<function <lambda> at 0x1065bd950>, {'Squat': defaultdict(<function <lambda> at 0x1065bd950>, {'Difficulty': '', 'Desired Reps': '10', 'Progression': '', 'Weight': 135, 'Reps': 10}), 'Pull Up': defaultdict(<function <lambda> at 0x1065bd950>, {'Difficulty': '', 'Desired Reps': '15', 'Progression': 'Lock Off', 'Weight': '', 'Reps': 15}), 'Split Bench Squat': defaultdict(<function <lambda> at 0x1065bd950>, {'Difficulty': '', 'Desired Reps': '10', 'Progression': '', 'Weight': 50, 'Reps': 10}), 'Deadlift': defaultdict(<function <lambda> at 0x1065bd950>, {'Difficulty': '', 'Desired Reps': '10', 'Progression': '', 'Weight': 145, 'Reps': '10+'}), 'Turkish Get-Up': defaultdict(<function <lambda> at 0x1065bd950>, {'Difficulty': '', 'Desired Reps': '5', 'Progression': '', 'Weight': 25, 'Reps': 5}), 'Push Up': defaultdict(<function <lambda> at 0x1065bd950>, {'Difficulty': '', 'Desired Reps': '10', 'Progression': 'Foot Elevated', 'Weight': 0, 'Reps': '10+'}), 'Hanging Leg Raise': defaultdict(<function <lambda> at 0x1065bd950>, {'Difficulty': '', 'Desired Reps': '10', 'Progression': '', 'Weight': '', 'Reps': 10}), 'Box Step Up': defaultdict(<function <lambda> at 0x1065bd950>, {'Difficulty': '', 'Desired Reps': '10', 'Progression': '', 'Weight': 60, 'Reps': '10+'}), 'Dips': defaultdict(<function <lambda> at 0x1065bd950>, {'Difficulty': '', 'Desired Reps': '10', 'Progression': '', 'Weight': 8, 'Reps': '10+'})})}), 'Description': 'Strength 2.2', 'Abs': 0, 'Grade': 'B', 'Period': 'Transition', 'Date': '3-2-2019', 'Notes': '', 'Duration': 60, 'Type': 'Strength'}, '7.5': {'Week in Period': 7, 'Week': 7, 'Period': 'Transition', 'Description': 'Z2 run GWPC', 'Abs': 0, 'Grade': 'B', 'Date': '4-4-2019', 'Notes': 'Quick run after climbing, had to take a dump and catch the bart', 'Aerobic': defaultdict(<function <lambda> at 0x1065bd950>, {'HR Avg': '', 'Distance': 2.2, 'Speed': 7.1, 'HRZ': 3, 'Aerobic Type': 'Indoor Treadmill', 'Pace': '8:52'}), 'Duration': 20, 'Type': 'Aerobic'}, '4.7': {'Week in Period': 4, 'Week': 4, 'Strength': defaultdict(<function <lambda> at 0x1065bd950>, {'Circuits': 2, 'Lifts': defaultdict(<function <lambda> at 0x1065bd950>, {'Squat': defaultdict(<function <lambda> at 0x1065bd950>, {'Difficulty': 'Easy', 'Desired Reps': '10', 'Progression': '', 'Weight': 155, 'Reps': ''}), 'Pull Up': defaultdict(<function <lambda> at 0x1065bd950>, {'Difficulty': 'Medium', 'Desired Reps': '15', 'Progression': 'Lock Off', 'Weight': '', 'Reps': '3,2.33'}), 'Split Bench Squat': defaultdict(<function <lambda> at 0x1065bd950>, {'Difficulty': 'Medium', 'Desired Reps': '10', 'Progression': '', 'Weight': 70, 'Reps': ''}), 'Deadlift': defaultdict(<function <lambda> at 0x1065bd950>, {'Difficulty': 'Medium', 'Desired Reps': '10', 'Progression': '', 'Weight': 175, 'Reps': ''}), 'Turkish Get-Up': defaultdict(<function <lambda> at 0x1065bd950>, {'Difficulty': '', 'Desired Reps': '5', 'Progression': '', 'Weight': 27.5, 'Reps': ''}), 'Push Up': defaultdict(<function <lambda> at 0x1065bd950>, {'Difficulty': 'Easy', 'Desired Reps': '10', 'Progression': 'Foot Elevated', 'Weight': 0, 'Reps': 20}), 'Hanging Leg Raise': defaultdict(<function <lambda> at 0x1065bd950>, {'Difficulty': 'Easy', 'Desired Reps': '10', 'Progression': '', 'Weight': 0, 'Reps': ''}), 'Box Step Up': defaultdict(<function <lambda> at 0x1065bd950>, {'Difficulty': 'Medium', 'Desired Reps': '10', 'Progression': '', 'Weight': 80, 'Reps': ''}), 'Dips': defaultdict(<function <lambda> at 0x1065bd950>, {'Difficulty': 'Medium', 'Desired Reps': '10', 'Progression': '', 'Weight': 0, 'Reps': ''})})}), 'Description': 'Stg 4.2', 'Abs': 0, 'Grade': 'D', 'Period': 'Transition', 'Date': '3-16-2019', 'Notes': "Didn't finish workout bc of time constraints", 'Duration': 50, 'Type': 'Strength'}, '4.3': {'Week in Period': 4, 'Week': 4, 'Period': 'Transition', 'Description': 'Crack', 'Abs': 0, 'Climbing - Crack': defaultdict(<function <lambda> at 0x1065bd950>, {}), 'Grade': 'B', 'Date': '3-12-2019', 'Notes': '', 'Duration': 0, 'Type': 'Climbing - Crack'}, '6.4': {'Week in Period': 7, 'Week': 6, 'Period': 'Transition', 'Description': 'Soccer Game - Finals', 'Abs': 0, 'Grade': 'B', 'Date': '3-31-2019', 'Notes': '', 'Aerobic': defaultdict(<function <lambda> at 0x1065bd950>, {'HR Avg': '', 'Distance': '', 'Speed': '', 'HRZ': 3, 'Aerobic Type': 'Soccer', 'Pace': ''}), 'Duration': 30, 'Type': 'Aerobic'}, '1.6': {'Week in Period': 1, 'Week': 1, 'Strength': defaultdict(<function <lambda> at 0x1065bd950>, {'Circuits': 1, 'Lifts': defaultdict(<function <lambda> at 0x1065bd950>, {'Squat': defaultdict(<function <lambda> at 0x1065bd950>, {'Difficulty': '', 'Desired Reps': '10', 'Progression': '', 'Weight': 95, 'Reps': 10}), 'Pull Up': defaultdict(<function <lambda> at 0x1065bd950>, {'Difficulty': '', 'Desired Reps': '15', 'Progression': 'Lock Off', 'Weight': '', 'Reps': 15}), 'Split Bench Squat': defaultdict(<function <lambda> at 0x1065bd950>, {'Difficulty': '', 'Desired Reps': '10', 'Progression': '', 'Weight': 30, 'Reps': 10}), 'Deadlift': defaultdict(<function <lambda> at 0x1065bd950>, {'Difficulty': '', 'Desired Reps': '10', 'Progression': '', 'Weight': 135, 'Reps': 10}), 'Horizontal Push Up': defaultdict(<function <lambda> at 0x1065bd950>, {'Difficulty': '', 'Desired Reps': '15', 'Progression': 'Legs Elevated', 'Weight': '', 'Reps': 5}), 'Wall Facing Squat': defaultdict(<function <lambda> at 0x1065bd950>, {'Difficulty': '', 'Desired Reps': '15', 'Progression': '', 'Weight': '', 'Reps': 5}), 'Push Up': defaultdict(<function <lambda> at 0x1065bd950>, {'Difficulty': '', 'Desired Reps': '10', 'Progression': 'Foot Elevated', 'Weight': 0, 'Reps': 20}), 'Turkish Get-Up': defaultdict(<function <lambda> at 0x1065bd950>, {'Difficulty': '', 'Desired Reps': '5', 'Progression': '', 'Weight': 22.5, 'Reps': 5}), 'Hanging Leg Raise': defaultdict(<function <lambda> at 0x1065bd950>, {'Difficulty': '', 'Desired Reps': '10', 'Progression': '', 'Weight': '', 'Reps': 10}), 'Box Step Up': defaultdict(<function <lambda> at 0x1065bd950>, {'Difficulty': '', 'Desired Reps': '10', 'Progression': '', 'Weight': 40, 'Reps': 10}), 'Dips': defaultdict(<function <lambda> at 0x1065bd950>, {'Difficulty': '', 'Desired Reps': '10', 'Progression': '', 'Weight': '', 'Reps': 10})})}), 'Description': 1.2, 'Abs': 0, 'Grade': 'B', 'Period': 'Transition', 'Date': '2-23-2019', 'Notes': '', 'Duration': 60, 'Type': 'Strength'}, '5.7': {'Week in Period': 5, 'Week': 5, 'Strength': defaultdict(<function <lambda> at 0x1065bd950>, {'Circuits': 3, 'Lifts': defaultdict(<function <lambda> at 0x1065bd950>, {'Squat': defaultdict(<function <lambda> at 0x1065bd950>, {'Difficulty': 'Easy', 'Desired Reps': '10', 'Progression': '', 'Weight': 155, 'Reps': ''}), 'Pull Up': defaultdict(<function <lambda> at 0x1065bd950>, {'Difficulty': 'Hard', 'Desired Reps': '15', 'Progression': 'Lock Off', 'Weight': '', 'Reps': '3,2,2'}), 'Split Bench Squat': defaultdict(<function <lambda> at 0x1065bd950>, {'Difficulty': 'Medium', 'Desired Reps': '10', 'Progression': '', 'Weight': 70, 'Reps': ''}), 'Deadlift': defaultdict(<function <lambda> at 0x1065bd950>, {'Difficulty': 'Medium', 'Desired Reps': '10', 'Progression': '', 'Weight': 185, 'Reps': ''}), 'Turkish Get-Up': defaultdict(<function <lambda> at 0x1065bd950>, {'Difficulty': '', 'Desired Reps': '5', 'Progression': '', 'Weight': 27.5, 'Reps': ''}), 'Push Up': defaultdict(<function <lambda> at 0x1065bd950>, {'Difficulty': 'Medium', 'Desired Reps': '10', 'Progression': 'Foot Elevated', 'Weight': 0, 'Reps': 22}), 'Hanging Leg Raise': defaultdict(<function <lambda> at 0x1065bd950>, {'Difficulty': 'Medium', 'Desired Reps': '10', 'Progression': '', 'Weight': '', 'Reps': ''}), 'Box Step Up': defaultdict(<function <lambda> at 0x1065bd950>, {'Difficulty': 'Medium', 'Desired Reps': '10', 'Progression': '', 'Weight': 80, 'Reps': ''}), 'Dips': defaultdict(<function <lambda> at 0x1065bd950>, {'Difficulty': 'Medium', 'Desired Reps': '10', 'Progression': '', 'Weight': '', 'Reps': 15})})}), 'Description': 'Stg 5.2', 'Abs': 0, 'Grade': 'C', 'Period': 'Transition', 'Date': '3-24-2019', 'Notes': "First time doing 3 circuits, might've gone too hard on the first, needed extra rest ", 'Duration': 90, 'Type': 'Strength'}, '3.5': {'Week in Period': 3, 'Week': 3, 'Strength': defaultdict(<function <lambda> at 0x1065bd950>, {'Circuits': 2, 'Lifts': defaultdict(<function <lambda> at 0x1065bd950>, {'Squat': defaultdict(<function <lambda> at 0x1065bd950>, {'Difficulty': 'Medium', 'Desired Reps': '10', 'Progression': '', 'Weight': 145, 'Reps': 10}), 'Pull Up': defaultdict(<function <lambda> at 0x1065bd950>, {'Difficulty': 'Medium', 'Desired Reps': '15', 'Progression': 'Lock Off', 'Weight': '', 'Reps': 16}), 'Split Bench Squat': defaultdict(<function <lambda> at 0x1065bd950>, {'Difficulty': 'Medium', 'Desired Reps': '10', 'Progression': '', 'Weight': 60, 'Reps': 10}), 'Deadlift': defaultdict(<function <lambda> at 0x1065bd950>, {'Difficulty': 'Easy', 'Desired Reps': '10', 'Progression': '', 'Weight': 155, 'Reps': 10}), 'Turkish Get-Up': defaultdict(<function <lambda> at 0x1065bd950>, {'Difficulty': '', 'Desired Reps': '5', 'Progression': '', 'Weight': 27.5, 'Reps': 5}), 'Push Up': defaultdict(<function <lambda> at 0x1065bd950>, {'Difficulty': 'Medium', 'Desired Reps': '10', 'Progression': 'Foot Elevated', 'Weight': 0, 'Reps': 20}), 'Hanging Leg Raise': defaultdict(<function <lambda> at 0x1065bd950>, {'Difficulty': 'Medium', 'Desired Reps': '10', 'Progression': '', 'Weight': '', 'Reps': 10}), 'Box Step Up': defaultdict(<function <lambda> at 0x1065bd950>, {'Difficulty': 'Medium', 'Desired Reps': '10', 'Progression': '', 'Weight': 70, 'Reps': 10}), 'Dips': defaultdict(<function <lambda> at 0x1065bd950>, {'Difficulty': 'Medium', 'Desired Reps': '10', 'Progression': '', 'Weight': 8, 'Reps': 10})})}), 'Description': 'Strength 3.2', 'Abs': 0, 'Grade': 'C', 'Period': 'Transition', 'Date': '3-10-2019', 'Notes': '', 'Duration': 56, 'Type': 'Strength'}, '1.1': {'Week in Period': 1, 'Week': 1, 'Period': 'Transition', 'Description': 'Just crack', 'Abs': 0, 'Climbing - Crack': defaultdict(<function <lambda> at 0x1065bd950>, {}), 'Grade': 'B', 'Date': '2-19-2019', 'Notes': 'Was supposed to do the fitness test today but dennis was not ready', 'Duration': 20, 'Type': 'Climbing - Crack'}, '7.6': {'Week in Period': 7, 'Week': 7, 'Period': 'Transition', 'Description': 'Lime ridge short run', 'Abs': 0, 'Grade': 'B', 'Date': '4-6-2019', 'Notes': '', 'Aerobic': defaultdict(<function <lambda> at 0x1065bd950>, {'HR Avg': '', 'Distance': 2.8, 'Speed': '', 'HRZ': 1, 'Aerobic Type': 'Outdoor Run', 'Pace': '8:59'}), 'Duration': 25, 'Type': 'Aerobic'}, '1.5': {'Week in Period': 1, 'Week': 1, 'Period': 'Transition', 'Description': 'Wanna genaway approach', 'Abs': 0, 'Grade': 'B', 'Date': '2-23-2019', 'Notes': '', 'Aerobic': defaultdict(<function <lambda> at 0x1065bd950>, {'HR Avg': '', 'Distance': '', 'Speed': '', 'HRZ': 3, 'Aerobic Type': 'Outdoor Run', 'Pace': ''}), 'Duration': 20, 'Type': 'Aerobic'}, '5.3': {'Week in Period': 5, 'Week': 5, 'Period': 'Transition', 'Description': 'Run at the pit', 'Abs': 0, 'Grade': 'B', 'Date': '3-24-2019', 'Notes': '', 'Aerobic': defaultdict(<function <lambda> at 0x1065bd950>, {'HR Avg': '', 'Distance': '', 'Speed': '', 'HRZ': 2, 'Aerobic Type': 'Outdoor Run', 'Pace': ''}), 'Duration': 30, 'Type': 'Aerobic'}, '3.4': {'Week in Period': 3, 'Week': 3, 'Period': 'Transition', 'Description': 'Climbing - ARC 3.2', 'Abs': 0, 'Date': '3-8-2019', 'Grade': 'B', 'Type': 'Climbing - ARC', 'Notes': '', 'Duration': 50, 'Climbing - ARC': defaultdict(<function <lambda> at 0x1065bd950>, {})}, '3.3': {'Week in Period': 3, 'Week': 3, 'Period': 'Transition', 'Description': 'Short Z1', 'Abs': 0, 'Grade': 'B', 'Date': '3-7-2019', 'Notes': '', 'Aerobic': defaultdict(<function <lambda> at 0x1065bd950>, {'HR Avg': '', 'Distance': 3.3, 'Speed': 6.3, 'HRZ': 1, 'Aerobic Type': 'Indoor Treadmill', 'Pace': '9:58'}), 'Duration': 33, 'Type': 'Aerobic'}, '3.2': {'Week in Period': 3, 'Week': 3, 'Period': 'Transition', 'Description': 'Climbing - ARC 3.1', 'Abs': 0, 'Date': '3-5-2019', 'Grade': 'B', 'Type': 'Climbing - ARC', 'Notes': 'Prow + Climbing - ARCh', 'Duration': 60, 'Climbing - ARC': defaultdict(<function <lambda> at 0x1065bd950>, {})}, '4.2': {'Week in Period': 4, 'Week': 4, 'Strength': defaultdict(<function <lambda> at 0x1065bd950>, {'Circuits': 2, 'Lifts': defaultdict(<function <lambda> at 0x1065bd950>, {'Squat': defaultdict(<function <lambda> at 0x1065bd950>, {'Difficulty': 'Easy', 'Desired Reps': '10', 'Progression': '', 'Weight': 145, 'Reps': 10}), 'Pull Up': defaultdict(<function <lambda> at 0x1065bd950>, {'Difficulty': 'Medium', 'Desired Reps': '15', 'Progression': 'Lock Off', 'Weight': '', 'Reps': '3,2'}), 'Split Bench Squat': defaultdict(<function <lambda> at 0x1065bd950>, {'Difficulty': 'Medium', 'Desired Reps': '10', 'Progression': '', 'Weight': 60, 'Reps': 10}), 'Deadlift': defaultdict(<function <lambda> at 0x1065bd950>, {'Difficulty': 'Easy', 'Desired Reps': '10', 'Progression': '', 'Weight': 170, 'Reps': 10}), 'Turkish Get-Up': defaultdict(<function <lambda> at 0x1065bd950>, {'Difficulty': '', 'Desired Reps': '5', 'Progression': '', 'Weight': 27.5, 'Reps': 5}), 'Push Up': defaultdict(<function <lambda> at 0x1065bd950>, {'Difficulty': 'Medium', 'Desired Reps': '10', 'Progression': 'Foot Elevated', 'Weight': 0, 'Reps': 24}), 'Wall Facing Squat': defaultdict(<function <lambda> at 0x1065bd950>, {'Difficulty': 'Medium', 'Desired Reps': '15', 'Progression': '', 'Weight': '', 'Reps': 5}), 'Hanging Leg Raise': defaultdict(<function <lambda> at 0x1065bd950>, {'Difficulty': 'Easy', 'Desired Reps': '10', 'Progression': '', 'Weight': '', 'Reps': 10}), 'Box Step Up': defaultdict(<function <lambda> at 0x1065bd950>, {'Difficulty': 'Easy', 'Desired Reps': '10', 'Progression': '', 'Weight': 70, 'Reps': 10}), 'Dips': defaultdict(<function <lambda> at 0x1065bd950>, {'Difficulty': 'Hard', 'Desired Reps': '10', 'Progression': '', 'Weight': 8, 'Reps': 10})})}), 'Description': 'Strength 4.1', 'Abs': 0, 'Grade': 'B', 'Period': 'Transition', 'Date': '3-12-2019', 'Notes': '', 'Duration': 52, 'Type': 'Strength'}, '1.2': {'Week in Period': 1, 'Week': 1, 'Period': 'Transition', 'Description': 1.1, 'Abs': 0, 'Grade': 'B', 'Date': '2-22-2019', 'Notes': '1 circuit GSW beforehand. HRM questionable jumps into zones 3 and 4', 'Aerobic': defaultdict(<function <lambda> at 0x1065bd950>, {'HR Avg': 143, 'Distance': '', 'Speed': 5.2, 'HRZ': 1, 'Aerobic Type': 'Indoor Treadmill', 'Pace': ''}), 'Duration': 33, 'Type': 'Aerobic'}, '3.1': {'Week in Period': 3, 'Week': 3, 'Strength': defaultdict(<function <lambda> at 0x1065bd950>, {'Circuits': 2, 'Lifts': defaultdict(<function <lambda> at 0x1065bd950>, {'Squat': defaultdict(<function <lambda> at 0x1065bd950>, {'Difficulty': '', 'Desired Reps': '10', 'Progression': '', 'Weight': 135, 'Reps': 10}), 'Pull Up': defaultdict(<function <lambda> at 0x1065bd950>, {'Difficulty': '', 'Desired Reps': '15', 'Progression': 'Lock Off', 'Weight': 0, 'Reps': 15}), 'Push Up': defaultdict(<function <lambda> at 0x1065bd950>, {'Difficulty': '', 'Desired Reps': '10', 'Progression': 'Foot Elevated', 'Weight': 0, 'Reps': 20}), 'Split Bench Squat': defaultdict(<function <lambda> at 0x1065bd950>, {'Difficulty': '', 'Desired Reps': '10', 'Progression': '', 'Weight': 50, 'Reps': 10}), 'Turkish Get-Up': defaultdict(<function <lambda> at 0x1065bd950>, {'Difficulty': '', 'Desired Reps': '5', 'Progression': '', 'Weight': 25, 'Reps': 5}), 'Hanging Leg Raise': defaultdict(<function <lambda> at 0x1065bd950>, {'Difficulty': '', 'Desired Reps': '10', 'Progression': '', 'Weight': 0, 'Reps': 10}), 'Box Step Up': defaultdict(<function <lambda> at 0x1065bd950>, {'Difficulty': '', 'Desired Reps': '10', 'Progression': '', 'Weight': 70, 'Reps': 10}), 'Dips': defaultdict(<function <lambda> at 0x1065bd950>, {'Difficulty': '', 'Desired Reps': '10', 'Progression': '', 'Weight': 0, 'Reps': 10})})}), 'Description': 'Strength 3.1', 'Abs': 0, 'Grade': 'C', 'Period': 'Transition', 'Date': '3-4-2019', 'Notes': 'First time doing two curcuits was hard', 'Duration': 40, 'Type': 'Strength'}, '2.3': {'Week in Period': 2, 'Week': 2, 'Period': 'Transition', 'Description': 'Climbing - ARC 2.1', 'Abs': 0, 'Date': '2-26-2019', 'Grade': 'B', 'Type': 'Climbing - ARC', 'Notes': '', 'Duration': 60, 'Climbing - ARC': defaultdict(<function <lambda> at 0x1065bd950>, {})}, '2.6': {'Week in Period': 2, 'Week': 2, 'Period': 'Transition', 'Description': 'Long Run T2', 'Abs': 0, 'Grade': 'B', 'Date': '3-2-2019', 'Notes': '', 'Aerobic': defaultdict(<function <lambda> at 0x1065bd950>, {'HR Avg': 135, 'Distance': 4, 'Speed': 6.2, 'HRZ': 1, 'Aerobic Type': 'Indoor Treadmill', 'Pace': ''}), 'Duration': 40, 'Type': 'Aerobic'}, '2.2': {'Week in Period': 2, 'Week': 2, 'Period': 'Transition', 'Description': 'Aerobic 2.1', 'Abs': 0, 'Grade': 'B', 'Date': '2-26-2019', 'Notes': '', 'Aerobic': defaultdict(<function <lambda> at 0x1065bd950>, {'HR Avg': 132, 'Distance': 2.9, 'Speed': 5.7, 'HRZ': 1, 'Aerobic Type': 'Indoor Treadmill', 'Pace': '10:52'}), 'Duration': 33, 'Type': 'Aerobic'}, '7.3': {'Week in Period': 7, 'Week': 7, 'Period': 'Transition', 'Description': ' GWPC crack', 'Abs': 0, 'Climbing - Crack': defaultdict(<function <lambda> at 0x1065bd950>, {}), 'Grade': 'B', 'Date': '4-4-2019', 'Notes': 'Fell at the end of the crack, where it goes over the lip', 'Duration': 10, 'Type': 'Climbing - Crack'}, '2.4': {'Week in Period': 2, 'Week': 2, 'Period': 'Transition', 'Description': 'Run 2.2', 'Abs': 0, 'Grade': 'B', 'Date': '2-27-2019', 'Notes': 'After 12h at work', 'Aerobic': defaultdict(<function <lambda> at 0x1065bd950>, {'HR Avg': 135, 'Distance': 3.1, 'Speed': 6, 'HRZ': 1, 'Aerobic Type': 'Indoor Treadmill', 'Pace': '10:25'}), 'Duration': 33, 'Type': 'Aerobic'}, '3.6': {'Week in Period': 3, 'Week': 3, 'Period': 'Transition', 'Description': 'T3 Z2 Run', 'Abs': 0, 'Grade': 'B', 'Date': '3-10-2019', 'Notes': '', 'Aerobic': defaultdict(<function <lambda> at 0x1065bd950>, {'HR Avg': '', 'Distance': 1.7, 'Speed': 8, 'HRZ': 3, 'Aerobic Type': 'Indoor Treadmill', 'Pace': '8:35'}), 'Duration': 15, 'Type': 'Aerobic'}, '6.2': {'Week in Period': 6, 'Week': 6, 'Strength': defaultdict(<function <lambda> at 0x1065bd950>, {'Circuits': 3, 'Lifts': defaultdict(<function <lambda> at 0x1065bd950>, {'Squat': defaultdict(<function <lambda> at 0x1065bd950>, {'Difficulty': 'Easy', 'Desired Reps': '10', 'Progression': '', 'Weight': 165, 'Reps': ''}), 'Pull Up': defaultdict(<function <lambda> at 0x1065bd950>, {'Difficulty': 'Medium', 'Desired Reps': '15', 'Progression': 'Lock Off', 'Weight': '', 'Reps': '3,2'}), 'Split Bench Squat': defaultdict(<function <lambda> at 0x1065bd950>, {'Difficulty': 'Hard', 'Desired Reps': '10', 'Progression': '', 'Weight': 70, 'Reps': ''}), 'Deadlift': defaultdict(<function <lambda> at 0x1065bd950>, {'Difficulty': 'Easy', 'Desired Reps': '10', 'Progression': '', 'Weight': 185, 'Reps': 10}), 'Turkish Get-Up': defaultdict(<function <lambda> at 0x1065bd950>, {'Difficulty': '', 'Desired Reps': '5', 'Progression': '', 'Weight': 27.5, 'Reps': ''}), 'Push Up': defaultdict(<function <lambda> at 0x1065bd950>, {'Difficulty': 'Medium', 'Desired Reps': '10', 'Progression': 'Foot Elevated', 'Weight': 0, 'Reps': 20}), 'Hanging Leg Raise': defaultdict(<function <lambda> at 0x1065bd950>, {'Difficulty': 'Easy', 'Desired Reps': '10', 'Progression': '', 'Weight': '', 'Reps': 10}), 'Box Step Up': defaultdict(<function <lambda> at 0x1065bd950>, {'Difficulty': 'Easy', 'Desired Reps': '10', 'Progression': '', 'Weight': 80, 'Reps': ''}), 'Dips': defaultdict(<function <lambda> at 0x1065bd950>, {'Difficulty': 'Medium', 'Desired Reps': '10', 'Progression': '', 'Weight': '', 'Reps': 15})})}), 'Description': 'Stg 6.1', 'Abs': 0, 'Grade': 'A', 'Period': 'Transition', 'Date': '3-26-2019', 'Notes': "Felt much better than the last time I tried to do 3 circuits (sunday after Bishop). Lesson learned- don't do strength after a big trip", 'Duration': 90, 'Type': 'Strength'}, '1.7': {'Week in Period': 1, 'Week': 1, 'Period': 'Transition', 'Description': 'Long z1 run', 'Abs': 0, 'Grade': 'C', 'Date': '2-24-2019', 'Notes': 'Lime ridge open space', 'Aerobic': defaultdict(<function <lambda> at 0x1065bd950>, {'HR Avg': 141, 'Distance': 3.7, 'Speed': '', 'HRZ': 1, 'Aerobic Type': 'Outdoor Run', 'Pace': '10:40'}), 'Duration': 40, 'Type': 'Aerobic'}, '5.6': {'Week in Period': 5, 'Week': 5, 'Period': 'Transition', 'Description': 'Bouldering at the milks', 'Abs': 0, 'Climbing': defaultdict(<function <lambda> at 0x1065bd950>, {'Difficulty': '', 'Type': '', 'Pitches 2 Grades Below RP': '', 'Pitches': '', 'Location': 'Outdoor'}), 'Grade': 'B', 'Date': '3-24-2019', 'Notes': 'V3', 'Duration': 30, 'Type': 'Climbing'}, '3.7': {'Week in Period': 3, 'Week': 3, 'Period': 'Transition', 'Description': 'T3 Z1', 'Abs': 0, 'Grade': 'B', 'Date': '3-10-2019', 'Notes': '', 'Aerobic': defaultdict(<function <lambda> at 0x1065bd950>, {'HR Avg': '', 'Distance': 3.1, 'Speed': 6.2, 'HRZ': 1, 'Aerobic Type': 'Indoor Treadmill', 'Pace': '10:20'}), 'Duration': 33, 'Type': 'Aerobic'}, '5.5': {'Week in Period': 5, 'Week': 5, 'Period': 'Transition', 'Description': "Bouldering at happy's w xtine", 'Abs': 0, 'Climbing': defaultdict(<function <lambda> at 0x1065bd950>, {'Difficulty': '', 'Type': '', 'Pitches 2 Grades Below RP': '', 'Pitches': '', 'Location': 'Outdoor'}), 'Grade': 'B', 'Date': '3-24-2019', 'Notes': 'V2', 'Duration': 15, 'Type': 'Climbing'}, '5.2': {'Week in Period': 5, 'Week': 5, 'Strength': defaultdict(<function <lambda> at 0x1065bd950>, {'Circuits': 2, 'Lifts': defaultdict(<function <lambda> at 0x1065bd950>, {'Squat': defaultdict(<function <lambda> at 0x1065bd950>, {'Difficulty': 'Easy', 'Desired Reps': '10', 'Progression': '', 'Weight': 155, 'Reps': ''}), 'Pull Up': defaultdict(<function <lambda> at 0x1065bd950>, {'Difficulty': 'Medium', 'Desired Reps': '15', 'Progression': 'Lock Off', 'Weight': '', 'Reps': '3,2.33'}), 'Split Bench Squat': defaultdict(<function <lambda> at 0x1065bd950>, {'Difficulty': 'Medium', 'Desired Reps': '10', 'Progression': '', 'Weight': 70, 'Reps': ''}), 'Deadlift': defaultdict(<function <lambda> at 0x1065bd950>, {'Difficulty': 'Medium', 'Desired Reps': '10', 'Progression': '', 'Weight': 175, 'Reps': 10}), 'Turkish Get-Up': defaultdict(<function <lambda> at 0x1065bd950>, {'Difficulty': '', 'Desired Reps': '5', 'Progression': '', 'Weight': 27.5, 'Reps': ''}), 'Push Up': defaultdict(<function <lambda> at 0x1065bd950>, {'Difficulty': 'Easy', 'Desired Reps': '10', 'Progression': 'Foot Elevated', 'Weight': 0, 'Reps': 20}), 'Hanging Leg Raise': defaultdict(<function <lambda> at 0x1065bd950>, {'Difficulty': 'Medium', 'Desired Reps': '10', 'Progression': '', 'Weight': '', 'Reps': 10}), 'Box Step Up': defaultdict(<function <lambda> at 0x1065bd950>, {'Difficulty': 'Medium', 'Desired Reps': '10', 'Progression': '', 'Weight': 80, 'Reps': ''}), 'Dips': defaultdict(<function <lambda> at 0x1065bd950>, {'Difficulty': 'Easy', 'Desired Reps': '10', 'Progression': '', 'Weight': '', 'Reps': 10})})}), 'Description': 'Stg 5.1', 'Abs': 0, 'Grade': 'C', 'Period': 'Transition', 'Date': '3-19-2019', 'Notes': '2/3 circuits. Left arm cramps', 'Duration': 46, 'Type': 'Strength'}, '5.4': {'Week in Period': 5, 'Week': 5, 'Period': 'Transition', 'Description': 'Climbing at upper owens gorge', 'Abs': 0, 'Climbing': defaultdict(<function <lambda> at 0x1065bd950>, {'Difficulty': '', 'Type': '', 'Pitches 2 Grades Below RP': '', 'Pitches': 4, 'Location': 'Outdoor'}), 'Grade': 'B', 'Date': '3-22-2019', 'Notes': 'Felt pretty strong, 9+, 10c, 11a (lieback crack, 1 fall), 10a (trad/roof)', 'Duration': 60, 'Type': 'Climbing'}, '5.1': {'Week in Period': 5, 'Week': 5, 'Period': 'Transition', 'Description': 'Run 5.1', 'Abs': 0, 'Grade': 'B', 'Date': '3-19-2019', 'Notes': 'A bit sore after soccer sunday', 'Aerobic': defaultdict(<function <lambda> at 0x1065bd950>, {'HR Avg': '', 'Distance': 3.1, 'Speed': 6.8, 'HRZ': 1, 'Aerobic Type': 'Indoor Treadmill', 'Pace': '9:25'}), 'Duration': 30, 'Type': 'Aerobic'}, '4.1': {'Week in Period': 4, 'Week': 4, 'Period': 'Transition', 'Description': 'Climbing - ARC 4.1', 'Abs': 0, 'Date': '3-11-2019', 'Grade': 'C', 'Type': 'Climbing - ARC', 'Notes': '', 'Duration': 60, 'Climbing - ARC': defaultdict(<function <lambda> at 0x1065bd950>, {})}, '1.8': {'Week in Period': 1, 'Week': 1, 'Period': 'Transition', 'Description': 'Crack some fingers', 'Abs': 0, 'Climbing - Crack': defaultdict(<function <lambda> at 0x1065bd950>, {}), 'Grade': '', 'Date': '2-24-2019', 'Notes': '', 'Duration': 15, 'Type': 'Climbing - Crack'}, '7.2': {'Week in Period': 7, 'Week': 7, 'Strength': defaultdict(<function <lambda> at 0x1065bd950>, {'Circuits': 3, 'Lifts': defaultdict(<function <lambda> at 0x1065bd950>, {'Squat': defaultdict(<function <lambda> at 0x1065bd950>, {'Difficulty': 'Medium', 'Desired Reps': '10', 'Progression': '', 'Weight': 165, 'Reps': ''}), 'Pull Up': defaultdict(<function <lambda> at 0x1065bd950>, {'Difficulty': 'Medium', 'Desired Reps': '15', 'Progression': 'Lock Off', 'Weight': '', 'Reps': '3,2'}), 'Split Bench Squat': defaultdict(<function <lambda> at 0x1065bd950>, {'Difficulty': 'Medium', 'Desired Reps': '10', 'Progression': '', 'Weight': 70, 'Reps': ''}), 'Deadlift': defaultdict(<function <lambda> at 0x1065bd950>, {'Difficulty': 'Medium', 'Desired Reps': '10', 'Progression': '', 'Weight': 205, 'Reps': ''}), 'Turkish Get-Up': defaultdict(<function <lambda> at 0x1065bd950>, {'Difficulty': '', 'Desired Reps': '5', 'Progression': '', 'Weight': 27.5, 'Reps': ''}), 'Push Up': defaultdict(<function <lambda> at 0x1065bd950>, {'Difficulty': 'Medium', 'Desired Reps': '10', 'Progression': 'Foot Elevated', 'Weight': 0, 'Reps': 24}), 'Hanging Leg Raise': defaultdict(<function <lambda> at 0x1065bd950>, {'Difficulty': 'Medium', 'Desired Reps': '10', 'Progression': '', 'Weight': '', 'Reps': ''}), 'Box Step Up': defaultdict(<function <lambda> at 0x1065bd950>, {'Difficulty': 'Easy', 'Desired Reps': '10', 'Progression': '', 'Weight': 80, 'Reps': ''}), 'Dips': defaultdict(<function <lambda> at 0x1065bd950>, {'Difficulty': 'Medium', 'Desired Reps': '10', 'Progression': '', 'Weight': 0, 'Reps': 15})})}), 'Description': 'Stg 7.1', 'Abs': 0, 'Grade': 'B', 'Period': 'Transition', 'Date': '4-3-2019', 'Notes': '', 'Duration': 90, 'Type': 'Strength'}, '6.3': {'Week in Period': 6, 'Week': 6, 'Period': 'Transition', 'Description': 'XC Ski Tahoe', 'Abs': 0, 'Grade': 'B', 'Date': '3-29-2019', 'Notes': 'Not really a workout, but exercise w/ mom and bri near Camp Richardson', 'Aerobic': defaultdict(<function <lambda> at 0x1065bd950>, {'HR Avg': '', 'Distance': '', 'Speed': '', 'HRZ': '', 'Aerobic Type': 'XC Ski', 'Pace': ''}), 'Duration': 60, 'Type': 'Aerobic'}, '4.5': {'Week in Period': 4, 'Week': 4, 'Period': 'Transition', 'Description': 'Run 4.2', 'Abs': 0, 'Grade': 'B', 'Date': '3-15-2019', 'Notes': '', 'Aerobic': defaultdict(<function <lambda> at 0x1065bd950>, {'HR Avg': '', 'Distance': 2.8, 'Speed': 6.8, 'HRZ': 1, 'Aerobic Type': 'Indoor Treadmill', 'Pace': '9:06'}), 'Duration': 25, 'Type': 'Aerobic'}, '6.1': {'Week in Period': 6, 'Week': 6, 'Period': 'Transition', 'Description': 'Climbing - ARC 6', 'Abs': 0, 'Date': '3-26-2019', 'Grade': 'D', 'Type': 'Climbing - ARC', 'Notes': 'Time constraints', 'Duration': 60, 'Climbing - ARC': defaultdict(<function <lambda> at 0x1065bd950>, {})}, '4.6': {'Week in Period': 4, 'Week': 4, 'Period': 'Transition', 'Description': 'Sat climb', 'Abs': 0, 'Date': '3-16-2019', 'Grade': 'B', 'Type': 'Climbing - ARC', 'Notes': "Saturday workout w dennis. 30 min Climbing - ARC, lead laps 11b,11b,11d (10'), 11d, 11d, 30 min Climbing - ARC", 'Duration': 60, 'Climbing - ARC': defaultdict(<function <lambda> at 0x1065bd950>, {})}, '2.1': {'Week in Period': 2, 'Week': 2, 'Strength': defaultdict(<function <lambda> at 0x1065bd950>, {'Circuits': 1, 'Lifts': defaultdict(<function <lambda> at 0x1065bd950>, {'Squat': defaultdict(<function <lambda> at 0x1065bd950>, {'Difficulty': '', 'Desired Reps': '10', 'Progression': '', 'Weight': 115, 'Reps': 10}), 'Pull Up': defaultdict(<function <lambda> at 0x1065bd950>, {'Difficulty': '', 'Desired Reps': '15', 'Progression': 'Lock Off', 'Weight': 0, 'Reps': 15}), 'Push Up': defaultdict(<function <lambda> at 0x1065bd950>, {'Difficulty': '', 'Desired Reps': '10', 'Progression': 'Foot Elevated', 'Weight': 0, 'Reps': 20}), 'Split Bench Squat': defaultdict(<function <lambda> at 0x1065bd950>, {'Difficulty': '', 'Desired Reps': '10', 'Progression': '', 'Weight': 40, 'Reps': 10}), 'Turkish Get-Up': defaultdict(<function <lambda> at 0x1065bd950>, {'Difficulty': '', 'Desired Reps': '5', 'Progression': '', 'Weight': 25, 'Reps': 5}), 'Hanging Leg Raise': defaultdict(<function <lambda> at 0x1065bd950>, {'Difficulty': '', 'Desired Reps': '10', 'Progression': '', 'Weight': 0, 'Reps': 10}), 'Box Step Up': defaultdict(<function <lambda> at 0x1065bd950>, {'Difficulty': '', 'Desired Reps': '10', 'Progression': '', 'Weight': 40, 'Reps': 20}), 'Dips': defaultdict(<function <lambda> at 0x1065bd950>, {'Difficulty': '', 'Desired Reps': '10', 'Progression': '', 'Weight': 0, 'Reps': 15})})}), 'Description': 'Strength 2.1', 'Abs': 0, 'Grade': 'B', 'Period': 'Transition', 'Date': '2-26-2019', 'Notes': '', 'Duration': 60, 'Type': 'Strength'}})
